{"numFailedTestSuites":12,"numFailedTests":7,"numPassedTestSuites":6,"numPassedTests":102,"numPendingTestSuites":0,"numPendingTests":0,"numRuntimeErrorTestSuites":9,"numTodoTests":0,"numTotalTestSuites":18,"numTotalTests":109,"openHandles":[],"snapshot":{"added":0,"didUpdate":false,"failure":false,"filesAdded":0,"filesRemoved":0,"filesRemovedList":[],"filesUnmatched":0,"filesUpdated":0,"matched":0,"total":0,"unchecked":0,"uncheckedKeysByFile":[],"unmatched":0,"updated":0},"startTime":1776013881573,"success":false,"testResults":[{"assertionResults":[{"ancestorTitles":["authMiddleware","requireSignIn"],"duration":31,"failureDetails":[],"failureMessages":[],"fullName":"authMiddleware requireSignIn should verify token and call next on success","invocations":1,"location":null,"numPassingAsserts":3,"retryReasons":[],"status":"passed","title":"should verify token and call next on success"},{"ancestorTitles":["authMiddleware","requireSignIn"],"duration":5,"failureDetails":[],"failureMessages":[],"fullName":"authMiddleware requireSignIn should call JWT.verify with undefined if authorization header is missing","invocations":1,"location":null,"numPassingAsserts":5,"retryReasons":[],"status":"passed","title":"should call JWT.verify with undefined if authorization header is missing"},{"ancestorTitles":["authMiddleware","requireSignIn"],"duration":3,"failureDetails":[],"failureMessages":[],"fullName":"authMiddleware requireSignIn should log error and not call next if token verification fails","invocations":1,"location":null,"numPassingAsserts":4,"retryReasons":[],"status":"passed","title":"should log error and not call next if token verification fails"},{"ancestorTitles":["authMiddleware","isAdmin"],"duration":3,"failureDetails":[],"failureMessages":[],"fullName":"authMiddleware isAdmin should call next if user is admin","invocations":1,"location":null,"numPassingAsserts":4,"retryReasons":[],"status":"passed","title":"should call next if user is admin"},{"ancestorTitles":["authMiddleware","isAdmin"],"duration":4,"failureDetails":[],"failureMessages":[],"fullName":"authMiddleware isAdmin should return 401 if user is not admin","invocations":1,"location":null,"numPassingAsserts":4,"retryReasons":[],"status":"passed","title":"should return 401 if user is not admin"},{"ancestorTitles":["authMiddleware","isAdmin"],"duration":12,"failureDetails":[],"failureMessages":[],"fullName":"authMiddleware isAdmin should return 401 is req.user is missing","invocations":1,"location":null,"numPassingAsserts":3,"retryReasons":[],"status":"passed","title":"should return 401 is req.user is missing"},{"ancestorTitles":["authMiddleware","isAdmin"],"duration":1,"failureDetails":[],"failureMessages":[],"fullName":"authMiddleware isAdmin should return 401 with error message when findById throws","invocations":1,"location":null,"numPassingAsserts":4,"retryReasons":[],"status":"passed","title":"should return 401 with error message when findById throws"},{"ancestorTitles":["authMiddleware","isAdmin"],"duration":1,"failureDetails":[],"failureMessages":[],"fullName":"authMiddleware isAdmin should return 401 when userModel.findById returns null","invocations":1,"location":null,"numPassingAsserts":4,"retryReasons":[],"status":"passed","title":"should return 401 when userModel.findById returns null"}],"endTime":1776013884473,"message":"","name":"C:\\Users\\jiaye\\Desktop\\CS4218\\cs4218-2520-ecom-project-cs4218-2520-team29\\middlewares\\authMiddleware.test.js","startTime":1776013882100,"status":"passed","summary":""},{"assertionResults":[{"ancestorTitles":["authHelper","hashPassword"],"duration":21,"failureDetails":[],"failureMessages":[],"fullName":"authHelper hashPassword should hash a valid password correctly","invocations":1,"location":null,"numPassingAsserts":2,"retryReasons":[],"status":"passed","title":"should hash a valid password correctly"},{"ancestorTitles":["authHelper","hashPassword"],"duration":12,"failureDetails":[],"failureMessages":[],"fullName":"authHelper hashPassword should hash an empty string password","invocations":1,"location":null,"numPassingAsserts":2,"retryReasons":[],"status":"passed","title":"should hash an empty string password"},{"ancestorTitles":["authHelper","hashPassword"],"duration":12,"failureDetails":[],"failureMessages":[],"fullName":"authHelper hashPassword should hash a long password","invocations":1,"location":null,"numPassingAsserts":2,"retryReasons":[],"status":"passed","title":"should hash a long password"},{"ancestorTitles":["authHelper","hashPassword"],"duration":3,"failureDetails":[],"failureMessages":[],"fullName":"authHelper hashPassword should handle errors during hashing","invocations":1,"location":null,"numPassingAsserts":3,"retryReasons":[],"status":"passed","title":"should handle errors during hashing"},{"ancestorTitles":["authHelper","comparePassword"],"duration":2,"failureDetails":[],"failureMessages":[],"fullName":"authHelper comparePassword should return true for matching passwords","invocations":1,"location":null,"numPassingAsserts":2,"retryReasons":[],"status":"passed","title":"should return true for matching passwords"},{"ancestorTitles":["authHelper","comparePassword"],"duration":1,"failureDetails":[],"failureMessages":[],"fullName":"authHelper comparePassword should return false for non-matching passwords","invocations":1,"location":null,"numPassingAsserts":2,"retryReasons":[],"status":"passed","title":"should return false for non-matching passwords"},{"ancestorTitles":["authHelper","comparePassword"],"duration":21,"failureDetails":[],"failureMessages":[],"fullName":"authHelper comparePassword should handle errors during comparison","invocations":1,"location":null,"numPassingAsserts":2,"retryReasons":[],"status":"passed","title":"should handle errors during comparison"}],"endTime":1776013884646,"message":"","name":"C:\\Users\\jiaye\\Desktop\\CS4218\\cs4218-2520-ecom-project-cs4218-2520-team29\\helpers\\authHelper.test.js","startTime":1776013882155,"status":"passed","summary":""},{"assertionResults":[],"coverage":{},"endTime":1776013894988,"message":"  \u001b[1m● \u001b[22mTest suite failed to run\n\n    Cannot find module 'supertest' from 'tests/integration-memory/orders.integration.test.js'\n\n    \u001b[0m \u001b[90m 24 |\u001b[39m \u001b[90m */\u001b[39m\n     \u001b[90m 25 |\u001b[39m\n    \u001b[31m\u001b[1m>\u001b[22m\u001b[39m\u001b[90m 26 |\u001b[39m \u001b[36mimport\u001b[39m request \u001b[36mfrom\u001b[39m \u001b[32m\"supertest\"\u001b[39m\u001b[33m;\u001b[39m\n     \u001b[90m    |\u001b[39m \u001b[31m\u001b[1m^\u001b[22m\u001b[39m\n     \u001b[90m 27 |\u001b[39m \u001b[36mimport\u001b[39m mongoose \u001b[36mfrom\u001b[39m \u001b[32m\"mongoose\"\u001b[39m\u001b[33m;\u001b[39m\n     \u001b[90m 28 |\u001b[39m \u001b[36mimport\u001b[39m \u001b[33mJWT\u001b[39m \u001b[36mfrom\u001b[39m \u001b[32m\"jsonwebtoken\"\u001b[39m\u001b[33m;\u001b[39m\n     \u001b[90m 29 |\u001b[39m \u001b[36mimport\u001b[39m { \u001b[33mMongoMemoryServer\u001b[39m } \u001b[36mfrom\u001b[39m \u001b[32m\"mongodb-memory-server\"\u001b[39m\u001b[33m;\u001b[39m\u001b[0m\n\n      \u001b[2mat Resolver._throwModNotFoundError (\u001b[22mnode_modules/jest-resolve/build/resolver.js\u001b[2m:427:11)\u001b[22m\n      \u001b[2mat Object.require (\u001b[22m\u001b[0m\u001b[36mtests/integration-memory/orders.integration.test.js\u001b[39m\u001b[0m\u001b[2m:26:1)\u001b[22m\n","name":"C:\\Users\\jiaye\\Desktop\\CS4218\\cs4218-2520-ecom-project-cs4218-2520-team29\\tests\\integration-memory\\orders.integration.test.js","startTime":1776013894988,"status":"failed","summary":""},{"assertionResults":[],"coverage":{},"endTime":1776013894988,"message":"  \u001b[1m● \u001b[22mTest suite failed to run\n\n    Cannot find module 'supertest' from 'tests/integration-memory/auth-orders.integration.test.js'\n\n    \u001b[0m \u001b[90m 15 |\u001b[39m \u001b[90m*/\u001b[39m\n     \u001b[90m 16 |\u001b[39m\n    \u001b[31m\u001b[1m>\u001b[22m\u001b[39m\u001b[90m 17 |\u001b[39m \u001b[36mimport\u001b[39m request \u001b[36mfrom\u001b[39m \u001b[32m\"supertest\"\u001b[39m\u001b[33m;\u001b[39m\n     \u001b[90m    |\u001b[39m \u001b[31m\u001b[1m^\u001b[22m\u001b[39m\n     \u001b[90m 18 |\u001b[39m \u001b[36mimport\u001b[39m mongoose \u001b[36mfrom\u001b[39m \u001b[32m\"mongoose\"\u001b[39m\u001b[33m;\u001b[39m\n     \u001b[90m 19 |\u001b[39m \u001b[36mimport\u001b[39m { hashPassword } \u001b[36mfrom\u001b[39m \u001b[32m\"../../helpers/authHelper.js\"\u001b[39m\u001b[33m;\u001b[39m\n     \u001b[90m 20 |\u001b[39m \u001b[36mimport\u001b[39m { \u001b[33mMongoMemoryServer\u001b[39m } \u001b[36mfrom\u001b[39m \u001b[32m\"mongodb-memory-server\"\u001b[39m\u001b[33m;\u001b[39m\u001b[0m\n\n      \u001b[2mat Resolver._throwModNotFoundError (\u001b[22mnode_modules/jest-resolve/build/resolver.js\u001b[2m:427:11)\u001b[22m\n      \u001b[2mat Object.require (\u001b[22m\u001b[0m\u001b[36mtests/integration-memory/auth-orders.integration.test.js\u001b[39m\u001b[0m\u001b[2m:17:1)\u001b[22m\n","name":"C:\\Users\\jiaye\\Desktop\\CS4218\\cs4218-2520-ecom-project-cs4218-2520-team29\\tests\\integration-memory\\auth-orders.integration.test.js","startTime":1776013894988,"status":"failed","summary":""},{"assertionResults":[],"coverage":{},"endTime":1776013894988,"message":"  \u001b[1m● \u001b[22mTest suite failed to run\n\n    Cannot find module 'supertest' from 'tests/integration-memory/payment-order.integration.test.js'\n\n    \u001b[0m \u001b[90m 22 |\u001b[39m \u001b[90m*/\u001b[39m\n     \u001b[90m 23 |\u001b[39m\n    \u001b[31m\u001b[1m>\u001b[22m\u001b[39m\u001b[90m 24 |\u001b[39m \u001b[36mimport\u001b[39m request \u001b[36mfrom\u001b[39m \u001b[32m\"supertest\"\u001b[39m\u001b[33m;\u001b[39m\n     \u001b[90m    |\u001b[39m \u001b[31m\u001b[1m^\u001b[22m\u001b[39m\n     \u001b[90m 25 |\u001b[39m \u001b[36mimport\u001b[39m mongoose \u001b[36mfrom\u001b[39m \u001b[32m\"mongoose\"\u001b[39m\u001b[33m;\u001b[39m\n     \u001b[90m 26 |\u001b[39m \u001b[36mimport\u001b[39m \u001b[33mJWT\u001b[39m \u001b[36mfrom\u001b[39m \u001b[32m\"jsonwebtoken\"\u001b[39m\u001b[33m;\u001b[39m\n     \u001b[90m 27 |\u001b[39m \u001b[36mimport\u001b[39m { \u001b[33mMongoMemoryServer\u001b[39m } \u001b[36mfrom\u001b[39m \u001b[32m\"mongodb-memory-server\"\u001b[39m\u001b[33m;\u001b[39m\u001b[0m\n\n      \u001b[2mat Resolver._throwModNotFoundError (\u001b[22mnode_modules/jest-resolve/build/resolver.js\u001b[2m:427:11)\u001b[22m\n      \u001b[2mat Object.require (\u001b[22m\u001b[0m\u001b[36mtests/integration-memory/payment-order.integration.test.js\u001b[39m\u001b[0m\u001b[2m:24:1)\u001b[22m\n","name":"C:\\Users\\jiaye\\Desktop\\CS4218\\cs4218-2520-ecom-project-cs4218-2520-team29\\tests\\integration-memory\\payment-order.integration.test.js","startTime":1776013894988,"status":"failed","summary":""},{"assertionResults":[],"coverage":{},"endTime":1776013894988,"message":"  \u001b[1m● \u001b[22mTest suite failed to run\n\n    Cannot find module 'supertest' from 'tests/integration/productListingFlow.test.js'\n\n    \u001b[0m \u001b[90m 1 |\u001b[39m \u001b[90m// Dexter Wong Xing You A0255437Y\u001b[39m\n    \u001b[31m\u001b[1m>\u001b[22m\u001b[39m\u001b[90m 2 |\u001b[39m \u001b[36mimport\u001b[39m request \u001b[36mfrom\u001b[39m \u001b[32m'supertest'\u001b[39m\u001b[33m;\u001b[39m\n     \u001b[90m   |\u001b[39m \u001b[31m\u001b[1m^\u001b[22m\u001b[39m\n     \u001b[90m 3 |\u001b[39m \u001b[36mimport\u001b[39m mongoose \u001b[36mfrom\u001b[39m \u001b[32m'mongoose'\u001b[39m\u001b[33m;\u001b[39m\n     \u001b[90m 4 |\u001b[39m \u001b[36mimport\u001b[39m app \u001b[36mfrom\u001b[39m \u001b[32m'../../server.js'\u001b[39m\u001b[33m;\u001b[39m\n     \u001b[90m 5 |\u001b[39m \u001b[36mimport\u001b[39m productModel \u001b[36mfrom\u001b[39m \u001b[32m'../../models/productModel.js'\u001b[39m\u001b[33m;\u001b[39m\u001b[0m\n\n      \u001b[2mat Resolver._throwModNotFoundError (\u001b[22mnode_modules/jest-resolve/build/resolver.js\u001b[2m:427:11)\u001b[22m\n      \u001b[2mat Object.require (\u001b[22m\u001b[0m\u001b[36mtests/integration/productListingFlow.test.js\u001b[39m\u001b[0m\u001b[2m:2:1)\u001b[22m\n","name":"C:\\Users\\jiaye\\Desktop\\CS4218\\cs4218-2520-ecom-project-cs4218-2520-team29\\tests\\integration\\productListingFlow.test.js","startTime":1776013894988,"status":"failed","summary":""},{"assertionResults":[],"coverage":{},"endTime":1776013894988,"message":"  \u001b[1m● \u001b[22mTest suite failed to run\n\n    Cannot find module 'supertest' from 'tests/integration/authMiddleware.test.js'\n\n    \u001b[0m \u001b[90m 1 |\u001b[39m \u001b[90m// Chia Jia Ye A0286580U\u001b[39m\n    \u001b[31m\u001b[1m>\u001b[22m\u001b[39m\u001b[90m 2 |\u001b[39m \u001b[36mimport\u001b[39m request \u001b[36mfrom\u001b[39m \u001b[32m'supertest'\u001b[39m\u001b[33m;\u001b[39m\n     \u001b[90m   |\u001b[39m \u001b[31m\u001b[1m^\u001b[22m\u001b[39m\n     \u001b[90m 3 |\u001b[39m \u001b[36mimport\u001b[39m { testUsers } \u001b[36mfrom\u001b[39m \u001b[32m'./testHelpers.js'\u001b[39m\u001b[33m;\u001b[39m\n     \u001b[90m 4 |\u001b[39m \u001b[36mimport\u001b[39m app \u001b[36mfrom\u001b[39m \u001b[32m'../../server.js'\u001b[39m\u001b[33m;\u001b[39m\n     \u001b[90m 5 |\u001b[39m\u001b[0m\n\n      \u001b[2mat Resolver._throwModNotFoundError (\u001b[22mnode_modules/jest-resolve/build/resolver.js\u001b[2m:427:11)\u001b[22m\n      \u001b[2mat Object.require (\u001b[22m\u001b[0m\u001b[36mtests/integration/authMiddleware.test.js\u001b[39m\u001b[0m\u001b[2m:2:1)\u001b[22m\n","name":"C:\\Users\\jiaye\\Desktop\\CS4218\\cs4218-2520-ecom-project-cs4218-2520-team29\\tests\\integration\\authMiddleware.test.js","startTime":1776013894988,"status":"failed","summary":""},{"assertionResults":[],"coverage":{},"endTime":1776013894988,"message":"  \u001b[1m● \u001b[22mTest suite failed to run\n\n    Cannot find module 'supertest' from 'tests/integration/authRegister.test.js'\n\n    \u001b[0m \u001b[90m 1 |\u001b[39m \u001b[90m// Chia Jia Ye A0286580U\u001b[39m\n    \u001b[31m\u001b[1m>\u001b[22m\u001b[39m\u001b[90m 2 |\u001b[39m \u001b[36mimport\u001b[39m request \u001b[36mfrom\u001b[39m \u001b[32m'supertest'\u001b[39m\u001b[33m;\u001b[39m\n     \u001b[90m   |\u001b[39m \u001b[31m\u001b[1m^\u001b[22m\u001b[39m\n     \u001b[90m 3 |\u001b[39m \u001b[36mimport\u001b[39m \u001b[33mUser\u001b[39m \u001b[36mfrom\u001b[39m \u001b[32m'../../models/userModel.js'\u001b[39m\u001b[33m;\u001b[39m\n     \u001b[90m 4 |\u001b[39m \u001b[36mimport\u001b[39m { testUsers } \u001b[36mfrom\u001b[39m \u001b[32m'./testHelpers.js'\u001b[39m\u001b[33m;\u001b[39m\n     \u001b[90m 5 |\u001b[39m \u001b[36mimport\u001b[39m app \u001b[36mfrom\u001b[39m \u001b[32m'../../server.js'\u001b[39m\u001b[33m;\u001b[39m\u001b[0m\n\n      \u001b[2mat Resolver._throwModNotFoundError (\u001b[22mnode_modules/jest-resolve/build/resolver.js\u001b[2m:427:11)\u001b[22m\n      \u001b[2mat Object.require (\u001b[22m\u001b[0m\u001b[36mtests/integration/authRegister.test.js\u001b[39m\u001b[0m\u001b[2m:2:1)\u001b[22m\n","name":"C:\\Users\\jiaye\\Desktop\\CS4218\\cs4218-2520-ecom-project-cs4218-2520-team29\\tests\\integration\\authRegister.test.js","startTime":1776013894988,"status":"failed","summary":""},{"assertionResults":[],"coverage":{},"endTime":1776013894988,"message":"  \u001b[1m● \u001b[22mTest suite failed to run\n\n    Cannot find module 'supertest' from 'tests/integration/adminProductUpdateRetrieval.test.js'\n\n    \u001b[0m \u001b[90m 1 |\u001b[39m \u001b[90m// Dexter Wong Xing You A0255437Y\u001b[39m\n    \u001b[31m\u001b[1m>\u001b[22m\u001b[39m\u001b[90m 2 |\u001b[39m \u001b[36mimport\u001b[39m request \u001b[36mfrom\u001b[39m \u001b[32m'supertest'\u001b[39m\u001b[33m;\u001b[39m\n     \u001b[90m   |\u001b[39m \u001b[31m\u001b[1m^\u001b[22m\u001b[39m\n     \u001b[90m 3 |\u001b[39m \u001b[36mimport\u001b[39m app \u001b[36mfrom\u001b[39m \u001b[32m'../../server.js'\u001b[39m\u001b[33m;\u001b[39m\n     \u001b[90m 4 |\u001b[39m \u001b[36mimport\u001b[39m userModel \u001b[36mfrom\u001b[39m \u001b[32m'../../models/userModel.js'\u001b[39m\u001b[33m;\u001b[39m\n     \u001b[90m 5 |\u001b[39m \u001b[36mimport\u001b[39m productModel \u001b[36mfrom\u001b[39m \u001b[32m'../../models/productModel.js'\u001b[39m\u001b[33m;\u001b[39m\u001b[0m\n\n      \u001b[2mat Resolver._throwModNotFoundError (\u001b[22mnode_modules/jest-resolve/build/resolver.js\u001b[2m:427:11)\u001b[22m\n      \u001b[2mat Object.require (\u001b[22m\u001b[0m\u001b[36mtests/integration/adminProductUpdateRetrieval.test.js\u001b[39m\u001b[0m\u001b[2m:2:1)\u001b[22m\n","name":"C:\\Users\\jiaye\\Desktop\\CS4218\\cs4218-2520-ecom-project-cs4218-2520-team29\\tests\\integration\\adminProductUpdateRetrieval.test.js","startTime":1776013894988,"status":"failed","summary":""},{"assertionResults":[],"coverage":{},"endTime":1776013894988,"message":"  \u001b[1m● \u001b[22mTest suite failed to run\n\n    Cannot find module 'supertest' from 'tests/integration/authLogin.test.js'\n\n    \u001b[0m \u001b[90m 1 |\u001b[39m \u001b[90m// Chia Jia Ye A0286580U\u001b[39m\n    \u001b[31m\u001b[1m>\u001b[22m\u001b[39m\u001b[90m 2 |\u001b[39m \u001b[36mimport\u001b[39m request \u001b[36mfrom\u001b[39m \u001b[32m'supertest'\u001b[39m\u001b[33m;\u001b[39m\n     \u001b[90m   |\u001b[39m \u001b[31m\u001b[1m^\u001b[22m\u001b[39m\n     \u001b[90m 3 |\u001b[39m \u001b[36mimport\u001b[39m { testUsers } \u001b[36mfrom\u001b[39m \u001b[32m'./testHelpers.js'\u001b[39m\u001b[33m;\u001b[39m\n     \u001b[90m 4 |\u001b[39m \u001b[36mimport\u001b[39m app \u001b[36mfrom\u001b[39m \u001b[32m'../../server.js'\u001b[39m\u001b[33m;\u001b[39m\n     \u001b[90m 5 |\u001b[39m\u001b[0m\n\n      \u001b[2mat Resolver._throwModNotFoundError (\u001b[22mnode_modules/jest-resolve/build/resolver.js\u001b[2m:427:11)\u001b[22m\n      \u001b[2mat Object.require (\u001b[22m\u001b[0m\u001b[36mtests/integration/authLogin.test.js\u001b[39m\u001b[0m\u001b[2m:2:1)\u001b[22m\n","name":"C:\\Users\\jiaye\\Desktop\\CS4218\\cs4218-2520-ecom-project-cs4218-2520-team29\\tests\\integration\\authLogin.test.js","startTime":1776013894988,"status":"failed","summary":""},{"assertionResults":[],"coverage":{},"endTime":1776013894988,"message":"  \u001b[1m● \u001b[22mTest suite failed to run\n\n    Cannot find module 'supertest' from 'tests/integration/adminProductCreationListing.test.js'\n\n    \u001b[0m \u001b[90m 1 |\u001b[39m \u001b[90m// Dexter Wong Xing You A0255437Y\u001b[39m\n    \u001b[31m\u001b[1m>\u001b[22m\u001b[39m\u001b[90m 2 |\u001b[39m \u001b[36mimport\u001b[39m request \u001b[36mfrom\u001b[39m \u001b[32m'supertest'\u001b[39m\u001b[33m;\u001b[39m\n     \u001b[90m   |\u001b[39m \u001b[31m\u001b[1m^\u001b[22m\u001b[39m\n     \u001b[90m 3 |\u001b[39m \u001b[36mimport\u001b[39m app \u001b[36mfrom\u001b[39m \u001b[32m'../../server.js'\u001b[39m\u001b[33m;\u001b[39m\n     \u001b[90m 4 |\u001b[39m \u001b[36mimport\u001b[39m userModel \u001b[36mfrom\u001b[39m \u001b[32m'../../models/userModel.js'\u001b[39m\u001b[33m;\u001b[39m\n     \u001b[90m 5 |\u001b[39m \u001b[36mimport\u001b[39m productModel \u001b[36mfrom\u001b[39m \u001b[32m'../../models/productModel.js'\u001b[39m\u001b[33m;\u001b[39m\u001b[0m\n\n      \u001b[2mat Resolver._throwModNotFoundError (\u001b[22mnode_modules/jest-resolve/build/resolver.js\u001b[2m:427:11)\u001b[22m\n      \u001b[2mat Object.require (\u001b[22m\u001b[0m\u001b[36mtests/integration/adminProductCreationListing.test.js\u001b[39m\u001b[0m\u001b[2m:2:1)\u001b[22m\n","name":"C:\\Users\\jiaye\\Desktop\\CS4218\\cs4218-2520-ecom-project-cs4218-2520-team29\\tests\\integration\\adminProductCreationListing.test.js","startTime":1776013894988,"status":"failed","summary":""},{"assertionResults":[{"ancestorTitles":["BrainTree Payment Controllers","braintreeTokenController"],"duration":21,"failureDetails":[],"failureMessages":[],"fullName":"BrainTree Payment Controllers braintreeTokenController should generate and return client token successfully","invocations":1,"location":null,"numPassingAsserts":2,"retryReasons":[],"status":"passed","title":"should generate and return client token successfully"},{"ancestorTitles":["BrainTree Payment Controllers","braintreeTokenController"],"duration":2,"failureDetails":[],"failureMessages":[],"fullName":"BrainTree Payment Controllers braintreeTokenController should handle error when token generation fails","invocations":1,"location":null,"numPassingAsserts":3,"retryReasons":[],"status":"passed","title":"should handle error when token generation fails"},{"ancestorTitles":["BrainTree Payment Controllers","braintreeTokenController"],"duration":1,"failureDetails":[],"failureMessages":[],"fullName":"BrainTree Payment Controllers braintreeTokenController should handle error in try-catch block","invocations":1,"location":null,"numPassingAsserts":1,"retryReasons":[],"status":"passed","title":"should handle error in try-catch block"},{"ancestorTitles":["BrainTree Payment Controllers","brainTreePaymentController"],"duration":4,"failureDetails":[],"failureMessages":[],"fullName":"BrainTree Payment Controllers brainTreePaymentController should process payment successfully and save order","invocations":1,"location":null,"numPassingAsserts":4,"retryReasons":[],"status":"passed","title":"should process payment successfully and save order"},{"ancestorTitles":["BrainTree Payment Controllers","brainTreePaymentController"],"duration":7,"failureDetails":[],"failureMessages":[],"fullName":"BrainTree Payment Controllers brainTreePaymentController should handle payment processing errors","invocations":1,"location":null,"numPassingAsserts":4,"retryReasons":[],"status":"passed","title":"should handle payment processing errors"},{"ancestorTitles":["BrainTree Payment Controllers","brainTreePaymentController"],"duration":2,"failureDetails":[],"failureMessages":[],"fullName":"BrainTree Payment Controllers brainTreePaymentController should handle error in try-catch blocks","invocations":1,"location":null,"numPassingAsserts":1,"retryReasons":[],"status":"passed","title":"should handle error in try-catch blocks"}],"endTime":1776013887196,"message":"","name":"C:\\Users\\jiaye\\Desktop\\CS4218\\cs4218-2520-ecom-project-cs4218-2520-team29\\controllers\\productController.payment.test.js","startTime":1776013882101,"status":"passed","summary":""},{"assertionResults":[{"ancestorTitles":["Auth Controllers","updateProfileController"],"duration":14,"failureDetails":[],"failureMessages":[],"fullName":"Auth Controllers updateProfileController should reject password shorter than 6 characters","invocations":1,"location":null,"numPassingAsserts":4,"retryReasons":[],"status":"passed","title":"should reject password shorter than 6 characters"},{"ancestorTitles":["Auth Controllers","updateProfileController"],"duration":1,"failureDetails":[],"failureMessages":[],"fullName":"Auth Controllers updateProfileController should accept password with exactly 6 characters","invocations":1,"location":null,"numPassingAsserts":5,"retryReasons":[],"status":"passed","title":"should accept password with exactly 6 characters"},{"ancestorTitles":["Auth Controllers","updateProfileController"],"duration":1,"failureDetails":[],"failureMessages":[],"fullName":"Auth Controllers updateProfileController should not hash password if not provided","invocations":1,"location":null,"numPassingAsserts":3,"retryReasons":[],"status":"passed","title":"should not hash password if not provided"},{"ancestorTitles":["Auth Controllers","updateProfileController"],"duration":1,"failureDetails":[],"failureMessages":[],"fullName":"Auth Controllers updateProfileController should handle errors during password hashing","invocations":1,"location":null,"numPassingAsserts":4,"retryReasons":[],"status":"passed","title":"should handle errors during password hashing"},{"ancestorTitles":["Auth Controllers","updateProfileController"],"duration":2,"failureDetails":[],"failureMessages":[],"fullName":"Auth Controllers updateProfileController should update user profile with all fields","invocations":1,"location":null,"numPassingAsserts":5,"retryReasons":[],"status":"passed","title":"should update user profile with all fields"},{"ancestorTitles":["Auth Controllers","updateProfileController"],"duration":1,"failureDetails":[],"failureMessages":[],"fullName":"Auth Controllers updateProfileController should update only address and keep other field unchanged","invocations":1,"location":null,"numPassingAsserts":2,"retryReasons":[],"status":"passed","title":"should update only address and keep other field unchanged"},{"ancestorTitles":["Auth Controllers","updateProfileController"],"duration":0,"failureDetails":[],"failureMessages":[],"fullName":"Auth Controllers updateProfileController should handle error during profile updating","invocations":1,"location":null,"numPassingAsserts":3,"retryReasons":[],"status":"passed","title":"should handle error during profile updating"},{"ancestorTitles":["Auth Controllers","getOrdersController"],"duration":0,"failureDetails":[],"failureMessages":[],"fullName":"Auth Controllers getOrdersController should get all orders for a specific user","invocations":1,"location":null,"numPassingAsserts":4,"retryReasons":[],"status":"passed","title":"should get all orders for a specific user"},{"ancestorTitles":["Auth Controllers","getOrdersController"],"duration":1,"failureDetails":[],"failureMessages":[],"fullName":"Auth Controllers getOrdersController should return empty array if user has no orders","invocations":1,"location":null,"numPassingAsserts":2,"retryReasons":[],"status":"passed","title":"should return empty array if user has no orders"},{"ancestorTitles":["Auth Controllers","getOrdersController"],"duration":1,"failureDetails":[],"failureMessages":[],"fullName":"Auth Controllers getOrdersController should handle errors when fetching orders","invocations":1,"location":null,"numPassingAsserts":7,"retryReasons":[],"status":"passed","title":"should handle errors when fetching orders"},{"ancestorTitles":["Auth Controllers","getAllOrdersController"],"duration":2,"failureDetails":[],"failureMessages":[],"fullName":"Auth Controllers getAllOrdersController should return all orders sorted by creation date","invocations":1,"location":null,"numPassingAsserts":4,"retryReasons":[],"status":"passed","title":"should return all orders sorted by creation date"},{"ancestorTitles":["Auth Controllers","getAllOrdersController"],"duration":1,"failureDetails":[],"failureMessages":[],"fullName":"Auth Controllers getAllOrdersController should return empty array if there are no orders","invocations":1,"location":null,"numPassingAsserts":1,"retryReasons":[],"status":"passed","title":"should return empty array if there are no orders"},{"ancestorTitles":["Auth Controllers","getAllOrdersController"],"duration":1,"failureDetails":[],"failureMessages":[],"fullName":"Auth Controllers getAllOrdersController should handle errors when fetching all orders","invocations":1,"location":null,"numPassingAsserts":6,"retryReasons":[],"status":"passed","title":"should handle errors when fetching all orders"},{"ancestorTitles":["Auth Controllers","orderStatusController"],"duration":1,"failureDetails":[],"failureMessages":[],"fullName":"Auth Controllers orderStatusController should update order status","invocations":1,"location":null,"numPassingAsserts":2,"retryReasons":[],"status":"passed","title":"should update order status"},{"ancestorTitles":["Auth Controllers","orderStatusController"],"duration":0,"failureDetails":[],"failureMessages":[],"fullName":"Auth Controllers orderStatusController should return null when order does not exist","invocations":1,"location":null,"numPassingAsserts":1,"retryReasons":[],"status":"passed","title":"should return null when order does not exist"},{"ancestorTitles":["Auth Controllers","orderStatusController"],"duration":1,"failureDetails":[],"failureMessages":[],"fullName":"Auth Controllers orderStatusController should handle errors when updating order status","invocations":1,"location":null,"numPassingAsserts":4,"retryReasons":[],"status":"passed","title":"should handle errors when updating order status"}],"endTime":1776013887503,"message":"","name":"C:\\Users\\jiaye\\Desktop\\CS4218\\cs4218-2520-ecom-project-cs4218-2520-team29\\controllers\\authController.order.test.js","startTime":1776013882064,"status":"passed","summary":""},{"assertionResults":[{"ancestorTitles":["authController","registerController"],"duration":14,"failureDetails":[],"failureMessages":[],"fullName":"authController registerController should return error if name is missing","invocations":1,"location":null,"numPassingAsserts":1,"retryReasons":[],"status":"passed","title":"should return error if name is missing"},{"ancestorTitles":["authController","registerController"],"duration":4,"failureDetails":[{"matcherResult":{"message":"\u001b[2mexpect(\u001b[22m\u001b[31mjest.fn()\u001b[39m\u001b[2m).\u001b[22mtoHaveBeenCalledWith\u001b[2m(\u001b[22m\u001b[32m...expected\u001b[39m\u001b[2m)\u001b[22m\n\nExpected: \u001b[32m409\u001b[39m\nReceived: \u001b[31m400\u001b[39m\n\nNumber of calls: \u001b[31m1\u001b[39m","pass":false}}],"failureMessages":["Error: \u001b[2mexpect(\u001b[22m\u001b[31mjest.fn()\u001b[39m\u001b[2m).\u001b[22mtoHaveBeenCalledWith\u001b[2m(\u001b[22m\u001b[32m...expected\u001b[39m\u001b[2m)\u001b[22m\n\nExpected: \u001b[32m409\u001b[39m\nReceived: \u001b[31m400\u001b[39m\n\nNumber of calls: \u001b[31m1\u001b[39m\n    at Object.toHaveBeenCalledWith (C:\\Users\\jiaye\\Desktop\\CS4218\\cs4218-2520-ecom-project-cs4218-2520-team29\\controllers\\authController.test.js:61:26)\n    at processTicksAndRejections (node:internal/process/task_queues:105:5)"],"fullName":"authController registerController should return error if user already exists","invocations":1,"location":null,"numPassingAsserts":0,"retryReasons":[],"status":"failed","title":"should return error if user already exists"},{"ancestorTitles":["authController","registerController"],"duration":1,"failureDetails":[{"matcherResult":{"message":"\u001b[2mexpect(\u001b[22m\u001b[31mjest.fn()\u001b[39m\u001b[2m).\u001b[22mtoHaveBeenCalledWith\u001b[2m(\u001b[22m\u001b[32m...expected\u001b[39m\u001b[2m)\u001b[22m\n\nExpected: \u001b[32m\"123456\"\u001b[39m\n\nNumber of calls: \u001b[31m0\u001b[39m","pass":false}}],"failureMessages":["Error: \u001b[2mexpect(\u001b[22m\u001b[31mjest.fn()\u001b[39m\u001b[2m).\u001b[22mtoHaveBeenCalledWith\u001b[2m(\u001b[22m\u001b[32m...expected\u001b[39m\u001b[2m)\u001b[22m\n\nExpected: \u001b[32m\"123456\"\u001b[39m\n\nNumber of calls: \u001b[31m0\u001b[39m\n    at Object.toHaveBeenCalledWith (C:\\Users\\jiaye\\Desktop\\CS4218\\cs4218-2520-ecom-project-cs4218-2520-team29\\controllers\\authController.test.js:87:28)\n    at processTicksAndRejections (node:internal/process/task_queues:105:5)"],"fullName":"authController registerController should register user successfully","invocations":1,"location":null,"numPassingAsserts":0,"retryReasons":[],"status":"failed","title":"should register user successfully"},{"ancestorTitles":["authController","loginController"],"duration":1,"failureDetails":[],"failureMessages":[],"fullName":"authController loginController should return error if email or password missing","invocations":1,"location":null,"numPassingAsserts":1,"retryReasons":[],"status":"passed","title":"should return error if email or password missing"},{"ancestorTitles":["authController","loginController"],"duration":0,"failureDetails":[],"failureMessages":[],"fullName":"authController loginController should return 404 if user not found","invocations":1,"location":null,"numPassingAsserts":1,"retryReasons":[],"status":"passed","title":"should return 404 if user not found"},{"ancestorTitles":["authController","loginController"],"duration":1,"failureDetails":[],"failureMessages":[],"fullName":"authController loginController should return 401 if password does not match","invocations":1,"location":null,"numPassingAsserts":1,"retryReasons":[],"status":"passed","title":"should return 401 if password does not match"},{"ancestorTitles":["authController","loginController"],"duration":1,"failureDetails":[],"failureMessages":[],"fullName":"authController loginController should login successfully and return token","invocations":1,"location":null,"numPassingAsserts":3,"retryReasons":[],"status":"passed","title":"should login successfully and return token"},{"ancestorTitles":["authController","forgotPasswordController"],"duration":0,"failureDetails":[],"failureMessages":[],"fullName":"authController forgotPasswordController should return error if email missing","invocations":1,"location":null,"numPassingAsserts":1,"retryReasons":[],"status":"passed","title":"should return error if email missing"},{"ancestorTitles":["authController","forgotPasswordController"],"duration":1,"failureDetails":[],"failureMessages":[],"fullName":"authController forgotPasswordController should return 404 if user not found","invocations":1,"location":null,"numPassingAsserts":1,"retryReasons":[],"status":"passed","title":"should return 404 if user not found"},{"ancestorTitles":["authController","forgotPasswordController"],"duration":1,"failureDetails":[],"failureMessages":[],"fullName":"authController forgotPasswordController should reset password successfully","invocations":1,"location":null,"numPassingAsserts":3,"retryReasons":[],"status":"passed","title":"should reset password successfully"},{"ancestorTitles":["authController","testController"],"duration":1,"failureDetails":[],"failureMessages":[],"fullName":"authController testController should return protected route message","invocations":1,"location":null,"numPassingAsserts":1,"retryReasons":[],"status":"passed","title":"should return protected route message"}],"endTime":1776013887531,"message":"\u001b[1m\u001b[31m  \u001b[1m● \u001b[22m\u001b[1mauthController › registerController › should return error if user already exists\u001b[39m\u001b[22m\n\n    \u001b[2mexpect(\u001b[22m\u001b[31mjest.fn()\u001b[39m\u001b[2m).\u001b[22mtoHaveBeenCalledWith\u001b[2m(\u001b[22m\u001b[32m...expected\u001b[39m\u001b[2m)\u001b[22m\n\n    Expected: \u001b[32m409\u001b[39m\n    Received: \u001b[31m400\u001b[39m\n\n    Number of calls: \u001b[31m1\u001b[39m\n\u001b[2m\u001b[22m\n\u001b[2m    \u001b[0m \u001b[90m 59 |\u001b[39m       \u001b[36mawait\u001b[39m registerController(req\u001b[33m,\u001b[39m res)\u001b[33m;\u001b[39m\u001b[22m\n\u001b[2m     \u001b[90m 60 |\u001b[39m\u001b[22m\n\u001b[2m    \u001b[31m\u001b[1m>\u001b[22m\u001b[2m\u001b[39m\u001b[90m 61 |\u001b[39m       expect(res\u001b[33m.\u001b[39mstatus)\u001b[33m.\u001b[39mtoHaveBeenCalledWith(\u001b[35m409\u001b[39m)\u001b[33m;\u001b[39m\u001b[22m\n\u001b[2m     \u001b[90m    |\u001b[39m                          \u001b[31m\u001b[1m^\u001b[22m\u001b[2m\u001b[39m\u001b[22m\n\u001b[2m     \u001b[90m 62 |\u001b[39m       expect(res\u001b[33m.\u001b[39msend)\u001b[33m.\u001b[39mtoHaveBeenCalledWith({\u001b[22m\n\u001b[2m     \u001b[90m 63 |\u001b[39m         success\u001b[33m:\u001b[39m \u001b[36mfalse\u001b[39m\u001b[33m,\u001b[39m\u001b[22m\n\u001b[2m     \u001b[90m 64 |\u001b[39m         message\u001b[33m:\u001b[39m \u001b[32m\"Already Register please login\"\u001b[39m\u001b[33m,\u001b[39m\u001b[0m\u001b[22m\n\u001b[2m\u001b[22m\n\u001b[2m      \u001b[2mat Object.toHaveBeenCalledWith (\u001b[22m\u001b[2m\u001b[0m\u001b[36mcontrollers/authController.test.js\u001b[39m\u001b[0m\u001b[2m:61:26)\u001b[22m\u001b[2m\u001b[22m\n\n\u001b[1m\u001b[31m  \u001b[1m● \u001b[22m\u001b[1mauthController › registerController › should register user successfully\u001b[39m\u001b[22m\n\n    \u001b[2mexpect(\u001b[22m\u001b[31mjest.fn()\u001b[39m\u001b[2m).\u001b[22mtoHaveBeenCalledWith\u001b[2m(\u001b[22m\u001b[32m...expected\u001b[39m\u001b[2m)\u001b[22m\n\n    Expected: \u001b[32m\"123456\"\u001b[39m\n\n    Number of calls: \u001b[31m0\u001b[39m\n\u001b[2m\u001b[22m\n\u001b[2m    \u001b[0m \u001b[90m 85 |\u001b[39m       \u001b[36mawait\u001b[39m registerController(req\u001b[33m,\u001b[39m res)\u001b[33m;\u001b[39m\u001b[22m\n\u001b[2m     \u001b[90m 86 |\u001b[39m\u001b[22m\n\u001b[2m    \u001b[31m\u001b[1m>\u001b[22m\u001b[2m\u001b[39m\u001b[90m 87 |\u001b[39m       expect(hashPassword)\u001b[33m.\u001b[39mtoHaveBeenCalledWith(\u001b[32m\"123456\"\u001b[39m)\u001b[33m;\u001b[39m\u001b[22m\n\u001b[2m     \u001b[90m    |\u001b[39m                            \u001b[31m\u001b[1m^\u001b[22m\u001b[2m\u001b[39m\u001b[22m\n\u001b[2m     \u001b[90m 88 |\u001b[39m       expect(res\u001b[33m.\u001b[39mstatus)\u001b[33m.\u001b[39mtoHaveBeenCalledWith(\u001b[35m201\u001b[39m)\u001b[33m;\u001b[39m\u001b[22m\n\u001b[2m     \u001b[90m 89 |\u001b[39m       expect(res\u001b[33m.\u001b[39msend)\u001b[33m.\u001b[39mtoHaveBeenCalledWith(\u001b[22m\n\u001b[2m     \u001b[90m 90 |\u001b[39m         expect\u001b[33m.\u001b[39mobjectContaining({\u001b[0m\u001b[22m\n\u001b[2m\u001b[22m\n\u001b[2m      \u001b[2mat Object.toHaveBeenCalledWith (\u001b[22m\u001b[2m\u001b[0m\u001b[36mcontrollers/authController.test.js\u001b[39m\u001b[0m\u001b[2m:87:28)\u001b[22m\u001b[2m\u001b[22m\n","name":"C:\\Users\\jiaye\\Desktop\\CS4218\\cs4218-2520-ecom-project-cs4218-2520-team29\\controllers\\authController.test.js","startTime":1776013882026,"status":"failed","summary":""},{"assertionResults":[{"ancestorTitles":["Product Controller (ESM)","createProductController"],"duration":14,"failureDetails":[],"failureMessages":[],"fullName":"Product Controller (ESM) createProductController should return 500 if name missing","invocations":1,"location":null,"numPassingAsserts":1,"retryReasons":[],"status":"passed","title":"should return 500 if name missing"},{"ancestorTitles":["Product Controller (ESM)","createProductController"],"duration":1,"failureDetails":[],"failureMessages":[],"fullName":"Product Controller (ESM) createProductController should create product successfully","invocations":1,"location":null,"numPassingAsserts":2,"retryReasons":[],"status":"passed","title":"should create product successfully"},{"ancestorTitles":["Product Controller (ESM)","createProductController"],"duration":1,"failureDetails":[],"failureMessages":[],"fullName":"Product Controller (ESM) createProductController should attach photo data when photo provided","invocations":1,"location":null,"numPassingAsserts":3,"retryReasons":[],"status":"passed","title":"should attach photo data when photo provided"},{"ancestorTitles":["Product Controller (ESM)","createProductController"],"duration":1,"failureDetails":[],"failureMessages":[],"fullName":"Product Controller (ESM) createProductController should execute catch block when error occurs","invocations":1,"location":null,"numPassingAsserts":2,"retryReasons":[],"status":"passed","title":"should execute catch block when error occurs"},{"ancestorTitles":["Product Controller (ESM)","getProductController"],"duration":1,"failureDetails":[],"failureMessages":[],"fullName":"Product Controller (ESM) getProductController should return products successfully","invocations":1,"location":null,"numPassingAsserts":1,"retryReasons":[],"status":"passed","title":"should return products successfully"},{"ancestorTitles":["Product Controller (ESM)","getSingleProductController"],"duration":0,"failureDetails":[],"failureMessages":[],"fullName":"Product Controller (ESM) getSingleProductController should fetch single product","invocations":1,"location":null,"numPassingAsserts":1,"retryReasons":[],"status":"passed","title":"should fetch single product"},{"ancestorTitles":["Product Controller (ESM)","getSingleProductController"],"duration":0,"failureDetails":[],"failureMessages":[],"fullName":"Product Controller (ESM) getSingleProductController getSingleProductController should execute catch block","invocations":1,"location":null,"numPassingAsserts":2,"retryReasons":[],"status":"passed","title":"getSingleProductController should execute catch block"},{"ancestorTitles":["Product Controller (ESM)","deleteProductController"],"duration":0,"failureDetails":[],"failureMessages":[],"fullName":"Product Controller (ESM) deleteProductController should delete product","invocations":1,"location":null,"numPassingAsserts":1,"retryReasons":[],"status":"passed","title":"should delete product"},{"ancestorTitles":["Product Controller (ESM)","updateProductController"],"duration":1,"failureDetails":[],"failureMessages":[],"fullName":"Product Controller (ESM) updateProductController should update successfully","invocations":1,"location":null,"numPassingAsserts":1,"retryReasons":[],"status":"passed","title":"should update successfully"},{"ancestorTitles":["Product Controller (ESM)","updateProductController validation branches"],"duration":0,"failureDetails":[],"failureMessages":[],"fullName":"Product Controller (ESM) updateProductController validation branches should fail if description missing","invocations":1,"location":null,"numPassingAsserts":1,"retryReasons":[],"status":"passed","title":"should fail if description missing"},{"ancestorTitles":["Product Controller (ESM)","updateProductController validation branches"],"duration":1,"failureDetails":[],"failureMessages":[],"fullName":"Product Controller (ESM) updateProductController validation branches should fail if price missing","invocations":1,"location":null,"numPassingAsserts":1,"retryReasons":[],"status":"passed","title":"should fail if price missing"},{"ancestorTitles":["Product Controller (ESM)","updateProductController validation branches"],"duration":0,"failureDetails":[],"failureMessages":[],"fullName":"Product Controller (ESM) updateProductController validation branches should fail if category missing","invocations":1,"location":null,"numPassingAsserts":1,"retryReasons":[],"status":"passed","title":"should fail if category missing"},{"ancestorTitles":["Product Controller (ESM)","updateProductController validation branches"],"duration":0,"failureDetails":[],"failureMessages":[],"fullName":"Product Controller (ESM) updateProductController validation branches should fail if quantity missing","invocations":1,"location":null,"numPassingAsserts":1,"retryReasons":[],"status":"passed","title":"should fail if quantity missing"},{"ancestorTitles":["Product Controller (ESM)","updateProductController validation branches"],"duration":0,"failureDetails":[],"failureMessages":[],"fullName":"Product Controller (ESM) updateProductController validation branches should fail if photo too large","invocations":1,"location":null,"numPassingAsserts":1,"retryReasons":[],"status":"passed","title":"should fail if photo too large"},{"ancestorTitles":["Product Controller (ESM)","productFiltersController"],"duration":1,"failureDetails":[],"failureMessages":[],"fullName":"Product Controller (ESM) productFiltersController should filter by category","invocations":1,"location":null,"numPassingAsserts":2,"retryReasons":[],"status":"passed","title":"should filter by category"},{"ancestorTitles":["Product Controller (ESM)","productFiltersController"],"duration":0,"failureDetails":[],"failureMessages":[],"fullName":"Product Controller (ESM) productFiltersController should have empty filters","invocations":1,"location":null,"numPassingAsserts":1,"retryReasons":[],"status":"passed","title":"should have empty filters"},{"ancestorTitles":["Product Controller (ESM)","productCountController"],"duration":0,"failureDetails":[],"failureMessages":[],"fullName":"Product Controller (ESM) productCountController should return total count","invocations":1,"location":null,"numPassingAsserts":1,"retryReasons":[],"status":"passed","title":"should return total count"},{"ancestorTitles":["Product Controller (ESM)","searchProductController"],"duration":1,"failureDetails":[],"failureMessages":[],"fullName":"Product Controller (ESM) searchProductController should search products","invocations":1,"location":null,"numPassingAsserts":1,"retryReasons":[],"status":"passed","title":"should search products"},{"ancestorTitles":["Additional Product Controllers"],"duration":0,"failureDetails":[],"failureMessages":[],"fullName":"Additional Product Controllers should return product photo","invocations":1,"location":null,"numPassingAsserts":2,"retryReasons":[],"status":"passed","title":"should return product photo"},{"ancestorTitles":["Additional Product Controllers"],"duration":0,"failureDetails":[],"failureMessages":[],"fullName":"Additional Product Controllers should return paginated products","invocations":1,"location":null,"numPassingAsserts":1,"retryReasons":[],"status":"passed","title":"should return paginated products"},{"ancestorTitles":["Additional Product Controllers"],"duration":1,"failureDetails":[],"failureMessages":[],"fullName":"Additional Product Controllers should return related products","invocations":1,"location":null,"numPassingAsserts":1,"retryReasons":[],"status":"passed","title":"should return related products"},{"ancestorTitles":["Additional Product Controllers"],"duration":1,"failureDetails":[],"failureMessages":[],"fullName":"Additional Product Controllers should return products by category","invocations":1,"location":null,"numPassingAsserts":1,"retryReasons":[],"status":"passed","title":"should return products by category"},{"ancestorTitles":["Additional Product Controllers"],"duration":1,"failureDetails":[],"failureMessages":[],"fullName":"Additional Product Controllers should generate braintree token","invocations":1,"location":null,"numPassingAsserts":1,"retryReasons":[],"status":"passed","title":"should generate braintree token"},{"ancestorTitles":["Additional Product Controllers"],"duration":1,"failureDetails":[],"failureMessages":[],"fullName":"Additional Product Controllers should process payment successfully","invocations":1,"location":null,"numPassingAsserts":1,"retryReasons":[],"status":"passed","title":"should process payment successfully"},{"ancestorTitles":["Additional Product Controllers"],"duration":1,"failureDetails":[],"failureMessages":[],"fullName":"Additional Product Controllers should execute catch block","invocations":1,"location":null,"numPassingAsserts":2,"retryReasons":[],"status":"passed","title":"should execute catch block"},{"ancestorTitles":["createProductController validation branches"],"duration":1,"failureDetails":[],"failureMessages":[],"fullName":"createProductController validation branches should fail if description missing","invocations":1,"location":null,"numPassingAsserts":1,"retryReasons":[],"status":"passed","title":"should fail if description missing"},{"ancestorTitles":["createProductController validation branches"],"duration":1,"failureDetails":[],"failureMessages":[],"fullName":"createProductController validation branches should fail if price missing","invocations":1,"location":null,"numPassingAsserts":1,"retryReasons":[],"status":"passed","title":"should fail if price missing"},{"ancestorTitles":["createProductController validation branches"],"duration":0,"failureDetails":[],"failureMessages":[],"fullName":"createProductController validation branches should fail if category missing","invocations":1,"location":null,"numPassingAsserts":1,"retryReasons":[],"status":"passed","title":"should fail if category missing"},{"ancestorTitles":["createProductController validation branches"],"duration":1,"failureDetails":[],"failureMessages":[],"fullName":"createProductController validation branches should fail if quantity missing","invocations":1,"location":null,"numPassingAsserts":1,"retryReasons":[],"status":"passed","title":"should fail if quantity missing"},{"ancestorTitles":["createProductController validation branches"],"duration":0,"failureDetails":[],"failureMessages":[],"fullName":"createProductController validation branches should fail if photo too large","invocations":1,"location":null,"numPassingAsserts":1,"retryReasons":[],"status":"passed","title":"should fail if photo too large"},{"ancestorTitles":["Error handling branches"],"duration":0,"failureDetails":[],"failureMessages":[],"fullName":"Error handling branches should run createProductController catch block","invocations":1,"location":null,"numPassingAsserts":1,"retryReasons":[],"status":"passed","title":"should run createProductController catch block"},{"ancestorTitles":["Error handling branches"],"duration":34,"failureDetails":[],"failureMessages":[],"fullName":"Error handling branches should run getProductController catch block","invocations":1,"location":null,"numPassingAsserts":1,"retryReasons":[],"status":"passed","title":"should run getProductController catch block"},{"ancestorTitles":["productPhotoController"],"duration":1,"failureDetails":[],"failureMessages":[],"fullName":"productPhotoController should have no photo branch","invocations":1,"location":null,"numPassingAsserts":0,"retryReasons":[],"status":"passed","title":"should have no photo branch"},{"ancestorTitles":["braintreeTokenController"],"duration":0,"failureDetails":[],"failureMessages":[],"fullName":"braintreeTokenController should have error branch","invocations":1,"location":null,"numPassingAsserts":1,"retryReasons":[],"status":"passed","title":"should have error branch"},{"ancestorTitles":["brainTreePaymentController"],"duration":0,"failureDetails":[],"failureMessages":[],"fullName":"brainTreePaymentController should visit failure branch","invocations":1,"location":null,"numPassingAsserts":1,"retryReasons":[],"status":"passed","title":"should visit failure branch"}],"endTime":1776013887731,"message":"","name":"C:\\Users\\jiaye\\Desktop\\CS4218\\cs4218-2520-ecom-project-cs4218-2520-team29\\controllers\\productController.test.js","startTime":1776013882048,"status":"passed","summary":""},{"assertionResults":[{"ancestorTitles":["Orders Component","Component Rendering"],"duration":55,"failureDetails":[],"failureMessages":[],"fullName":"Orders Component Component Rendering should render layout with correct title","invocations":1,"location":null,"numPassingAsserts":1,"retryReasons":[],"status":"passed","title":"should render layout with correct title"},{"ancestorTitles":["Orders Component","Component Rendering"],"duration":4,"failureDetails":[],"failureMessages":[],"fullName":"Orders Component Component Rendering should render UserMenu component","invocations":1,"location":null,"numPassingAsserts":1,"retryReasons":[],"status":"passed","title":"should render UserMenu component"},{"ancestorTitles":["Orders Component","Component Rendering"],"duration":61,"failureDetails":[],"failureMessages":[],"fullName":"Orders Component Component Rendering should render \"All Orders\" heading","invocations":1,"location":null,"numPassingAsserts":1,"retryReasons":[],"status":"passed","title":"should render \"All Orders\" heading"},{"ancestorTitles":["Orders Component","Data Fetching"],"duration":5,"failureDetails":[],"failureMessages":[],"fullName":"Orders Component Data Fetching should fetch orders when auth token exists","invocations":1,"location":null,"numPassingAsserts":1,"retryReasons":[],"status":"passed","title":"should fetch orders when auth token exists"},{"ancestorTitles":["Orders Component","Data Fetching"],"duration":4,"failureDetails":[],"failureMessages":[],"fullName":"Orders Component Data Fetching should not fetch orders when auth token is missing","invocations":1,"location":null,"numPassingAsserts":1,"retryReasons":[],"status":"passed","title":"should not fetch orders when auth token is missing"},{"ancestorTitles":["Orders Component","Data Fetching"],"duration":63,"failureDetails":[],"failureMessages":[],"fullName":"Orders Component Data Fetching should handle API errors gracefully","invocations":1,"location":null,"numPassingAsserts":1,"retryReasons":[],"status":"passed","title":"should handle API errors gracefully"},{"ancestorTitles":["Orders Component","Orders Display"],"duration":99,"failureDetails":[],"failureMessages":[],"fullName":"Orders Component Orders Display should display multiple orders","invocations":1,"location":null,"numPassingAsserts":4,"retryReasons":[],"status":"passed","title":"should display multiple orders"},{"ancestorTitles":["Orders Component","Orders Display"],"duration":17,"failureDetails":[],"failureMessages":[],"fullName":"Orders Component Orders Display should display payment failed status","invocations":1,"location":null,"numPassingAsserts":1,"retryReasons":[],"status":"passed","title":"should display payment failed status"},{"ancestorTitles":["Orders Component","Products Display"],"duration":27,"failureDetails":[],"failureMessages":[],"fullName":"Orders Component Products Display should display multiple products in an order","invocations":1,"location":null,"numPassingAsserts":4,"retryReasons":[],"status":"passed","title":"should display multiple products in an order"},{"ancestorTitles":["Orders Component","Products Display"],"duration":21,"failureDetails":[],"failureMessages":[],"fullName":"Orders Component Products Display should display product images with correct src","invocations":1,"location":null,"numPassingAsserts":1,"retryReasons":[],"status":"passed","title":"should display product images with correct src"},{"ancestorTitles":["Orders Component","Empty State"],"duration":17,"failureDetails":[],"failureMessages":[],"fullName":"Orders Component Empty State should handle empty orders array","invocations":1,"location":null,"numPassingAsserts":2,"retryReasons":[],"status":"passed","title":"should handle empty orders array"}],"endTime":1776013888682,"message":"","name":"C:\\Users\\jiaye\\Desktop\\CS4218\\cs4218-2520-ecom-project-cs4218-2520-team29\\client\\src\\pages\\user\\Orders.test.js","startTime":1776013884279,"status":"passed","summary":""},{"assertionResults":[{"ancestorTitles":["Login Component"],"duration":105,"failureDetails":[],"failureMessages":[],"fullName":"Login Component renders login form","invocations":1,"location":null,"numPassingAsserts":3,"retryReasons":[],"status":"passed","title":"renders login form"},{"ancestorTitles":["Login Component"],"duration":26,"failureDetails":[],"failureMessages":[],"fullName":"Login Component inputs should be initially empty","invocations":1,"location":null,"numPassingAsserts":3,"retryReasons":[],"status":"passed","title":"inputs should be initially empty"},{"ancestorTitles":["Login Component"],"duration":26,"failureDetails":[],"failureMessages":[],"fullName":"Login Component should allow typing email and password","invocations":1,"location":null,"numPassingAsserts":2,"retryReasons":[],"status":"passed","title":"should allow typing email and password"},{"ancestorTitles":["Login Component"],"duration":24,"failureDetails":[],"failureMessages":[],"fullName":"Login Component should login the user successfully","invocations":1,"location":null,"numPassingAsserts":2,"retryReasons":[],"status":"passed","title":"should login the user successfully"},{"ancestorTitles":["Login Component"],"duration":18,"failureDetails":[],"failureMessages":[],"fullName":"Login Component should store auth in localStorage and navigate on successful login","invocations":1,"location":null,"numPassingAsserts":3,"retryReasons":[],"status":"passed","title":"should store auth in localStorage and navigate on successful login"},{"ancestorTitles":["Login Component"],"duration":19,"failureDetails":[],"failureMessages":[],"fullName":"Login Component should navigate to location.state when provided","invocations":1,"location":null,"numPassingAsserts":1,"retryReasons":[],"status":"passed","title":"should navigate to location.state when provided"},{"ancestorTitles":["Login Component"],"duration":11,"failureDetails":[],"failureMessages":[],"fullName":"Login Component should navigate to forgot password page when button clicked","invocations":1,"location":null,"numPassingAsserts":1,"retryReasons":[],"status":"passed","title":"should navigate to forgot password page when button clicked"},{"ancestorTitles":["Login Component"],"duration":39,"failureDetails":[{"matcherResult":{"message":"\u001b[2mexpect(\u001b[22m\u001b[31mjest.fn()\u001b[39m\u001b[2m).\u001b[22mtoHaveBeenCalledWith\u001b[2m(\u001b[22m\u001b[32m...expected\u001b[39m\u001b[2m)\u001b[22m\n\nExpected: \u001b[32m\"Something went wrong\"\u001b[39m\nReceived: \u001b[31m\"Something is wrong\"\u001b[39m\n\nNumber of calls: \u001b[31m1\u001b[39m","pass":false}}],"failureMessages":["Error: \u001b[2mexpect(\u001b[22m\u001b[31mjest.fn()\u001b[39m\u001b[2m).\u001b[22mtoHaveBeenCalledWith\u001b[2m(\u001b[22m\u001b[32m...expected\u001b[39m\u001b[2m)\u001b[22m\n\nExpected: \u001b[32m\"Something went wrong\"\u001b[39m\nReceived: \u001b[31m\"Something is wrong\"\u001b[39m\n\nNumber of calls: \u001b[31m1\u001b[39m\n    at Object.toHaveBeenCalledWith (C:\\Users\\jiaye\\Desktop\\CS4218\\cs4218-2520-ecom-project-cs4218-2520-team29\\client\\src\\pages\\Auth\\Login.test.js:253:29)"],"fullName":"Login Component should display error message on failed login","invocations":1,"location":null,"numPassingAsserts":1,"retryReasons":[],"status":"failed","title":"should display error message on failed login"},{"ancestorTitles":["Login Component"],"duration":30,"failureDetails":[],"failureMessages":[],"fullName":"Login Component should show error toast when login success is false","invocations":1,"location":null,"numPassingAsserts":1,"retryReasons":[],"status":"passed","title":"should show error toast when login success is false"}],"endTime":1776013890836,"message":"\u001b[1m\u001b[31m  \u001b[1m● \u001b[22m\u001b[1mLogin Component › should display error message on failed login\u001b[39m\u001b[22m\n\n    \u001b[2mexpect(\u001b[22m\u001b[31mjest.fn()\u001b[39m\u001b[2m).\u001b[22mtoHaveBeenCalledWith\u001b[2m(\u001b[22m\u001b[32m...expected\u001b[39m\u001b[2m)\u001b[22m\n\n    Expected: \u001b[32m\"Something went wrong\"\u001b[39m\n    Received: \u001b[31m\"Something is wrong\"\u001b[39m\n\n    Number of calls: \u001b[31m1\u001b[39m\n\u001b[2m\u001b[22m\n\u001b[2m    \u001b[0m \u001b[90m 251 |\u001b[39m\u001b[22m\n\u001b[2m     \u001b[90m 252 |\u001b[39m         \u001b[36mawait\u001b[39m waitFor(() \u001b[33m=>\u001b[39m expect(axios\u001b[33m.\u001b[39mpost)\u001b[33m.\u001b[39mtoHaveBeenCalled())\u001b[33m;\u001b[39m\u001b[22m\n\u001b[2m    \u001b[31m\u001b[1m>\u001b[22m\u001b[2m\u001b[39m\u001b[90m 253 |\u001b[39m         expect(toast\u001b[33m.\u001b[39merror)\u001b[33m.\u001b[39mtoHaveBeenCalledWith(\u001b[32m'Something went wrong'\u001b[39m)\u001b[33m;\u001b[39m\u001b[22m\n\u001b[2m     \u001b[90m     |\u001b[39m                             \u001b[31m\u001b[1m^\u001b[22m\u001b[2m\u001b[39m\u001b[22m\n\u001b[2m     \u001b[90m 254 |\u001b[39m     })\u001b[33m;\u001b[39m\u001b[22m\n\u001b[2m     \u001b[90m 255 |\u001b[39m\u001b[22m\n\u001b[2m     \u001b[90m 256 |\u001b[39m     \u001b[90m// Chia Jia Ye A0286580U\u001b[39m\u001b[0m\u001b[22m\n\u001b[2m\u001b[22m\n\u001b[2m      \u001b[2mat Object.toHaveBeenCalledWith (\u001b[22m\u001b[2m\u001b[0m\u001b[36mclient/src/pages/Auth/Login.test.js\u001b[39m\u001b[0m\u001b[2m:253:29)\u001b[22m\u001b[2m\u001b[22m\n","name":"C:\\Users\\jiaye\\Desktop\\CS4218\\cs4218-2520-ecom-project-cs4218-2520-team29\\client\\src\\pages\\Auth\\Login.test.js","startTime":1776013884226,"status":"failed","summary":""},{"assertionResults":[{"ancestorTitles":["Register Component"],"duration":122,"failureDetails":[],"failureMessages":[],"fullName":"Register Component should render register form correctly","invocations":1,"location":null,"numPassingAsserts":8,"retryReasons":[],"status":"passed","title":"should render register form correctly"},{"ancestorTitles":["Register Component"],"duration":21,"failureDetails":[],"failureMessages":[],"fullName":"Register Component should initialise inputs as empty","invocations":1,"location":null,"numPassingAsserts":7,"retryReasons":[],"status":"passed","title":"should initialise inputs as empty"},{"ancestorTitles":["Register Component"],"duration":1050,"failureDetails":[{"matcherResult":{"message":"\u001b[2mexpect(\u001b[22m\u001b[31mjest.fn()\u001b[39m\u001b[2m).\u001b[22mtoHaveBeenCalled\u001b[2m()\u001b[22m\n\nExpected number of calls: >= \u001b[32m1\u001b[39m\nReceived number of calls:    \u001b[31m0\u001b[39m","pass":false}}],"failureMessages":["Error: \u001b[2mexpect(\u001b[22m\u001b[31mjest.fn()\u001b[39m\u001b[2m).\u001b[22mtoHaveBeenCalled\u001b[2m()\u001b[22m\n\nExpected number of calls: >= \u001b[32m1\u001b[39m\nReceived number of calls:    \u001b[31m0\u001b[39m\n\nIgnored nodes: comments, script, style\n\u001b[36m<html>\u001b[39m\n  \u001b[36m<head>\u001b[39m\n    \u001b[36m<title>\u001b[39m\n      \u001b[0mRegister - Ecommerce App\u001b[0m\n    \u001b[36m</title>\u001b[39m\n    \u001b[36m<meta\u001b[39m\n      \u001b[33mcharset\u001b[39m=\u001b[32m\"utf-8\"\u001b[39m\n      \u001b[33mdata-react-helmet\u001b[39m=\u001b[32m\"true\"\u001b[39m\n    \u001b[36m/>\u001b[39m\n    \u001b[36m<meta\u001b[39m\n      \u001b[33mcontent\u001b[39m=\u001b[32m\"mern stack project\"\u001b[39m\n      \u001b[33mdata-react-helmet\u001b[39m=\u001b[32m\"true\"\u001b[39m\n      \u001b[33mname\u001b[39m=\u001b[32m\"description\"\u001b[39m\n    \u001b[36m/>\u001b[39m\n    \u001b[36m<meta\u001b[39m\n      \u001b[33mcontent\u001b[39m=\u001b[32m\"mern,react,node,mongodb\"\u001b[39m\n      \u001b[33mdata-react-helmet\u001b[39m=\u001b[32m\"true\"\u001b[39m\n      \u001b[33mname\u001b[39m=\u001b[32m\"keywords\"\u001b[39m\n    \u001b[36m/>\u001b[39m\n    \u001b[36m<meta\u001b[39m\n      \u001b[33mcontent\u001b[39m=\u001b[32m\"Techinfoyt\"\u001b[39m\n      \u001b[33mdata-react-helmet\u001b[39m=\u001b[32m\"true\"\u001b[39m\n      \u001b[33mname\u001b[39m=\u001b[32m\"author\"\u001b[39m\n    \u001b[36m/>\u001b[39m\n  \u001b[36m</head>\u001b[39m\n  \u001b[36m<body>\u001b[39m\n    \u001b[36m<div>\u001b[39m\n      \u001b[36m<div>\u001b[39m\n        \u001b[36m<nav\u001b[39m\n          \u001b[33mclass\u001b[39m=\u001b[32m\"navbar navbar-expand-lg bg-body-tertiary\"\u001b[39m\n        \u001b[36m>\u001b[39m\n          \u001b[36m<div\u001b[39m\n            \u001b[33mclass\u001b[39m=\u001b[32m\"container-fluid\"\u001b[39m\n          \u001b[36m>\u001b[39m\n            \u001b[36m<button\u001b[39m\n              \u001b[33maria-controls\u001b[39m=\u001b[32m\"navbarTogglerDemo01\"\u001b[39m\n              \u001b[33maria-expanded\u001b[39m=\u001b[32m\"false\"\u001b[39m\n              \u001b[33maria-label\u001b[39m=\u001b[32m\"Toggle navigation\"\u001b[39m\n              \u001b[33mclass\u001b[39m=\u001b[32m\"navbar-toggler\"\u001b[39m\n              \u001b[33mdata-bs-target\u001b[39m=\u001b[32m\"#navbarTogglerDemo01\"\u001b[39m\n              \u001b[33mdata-bs-toggle\u001b[39m=\u001b[32m\"collapse\"\u001b[39m\n              \u001b[33mtype\u001b[39m=\u001b[32m\"button\"\u001b[39m\n            \u001b[36m>\u001b[39m\n              \u001b[36m<span\u001b[39m\n                \u001b[33mclass\u001b[39m=\u001b[32m\"navbar-toggler-icon\"\u001b[39m\n              \u001b[36m/>\u001b[39m\n            \u001b[36m</button>\u001b[39m\n            \u001b[36m<div\u001b[39m\n              \u001b[33mclass\u001b[39m=\u001b[32m\"collapse navbar-collapse\"\u001b[39m\n              \u001b[33mid\u001b[39m=\u001b[32m\"navbarTogglerDemo01\"\u001b[39m\n            \u001b[36m>\u001b[39m\n              \u001b[36m<a\u001b[39m\n                \u001b[33mclass\u001b[39m=\u001b[32m\"navbar-brand\"\u001b[39m\n                \u001b[33mhref\u001b[39m=\u001b[32m\"/\"\u001b[39m\n              \u001b[36m>\u001b[39m\n                \u001b[0m🛒 Virtual Vault\u001b[0m\n              \u001b[36m</a>\u001b[39m\n              \u001b[36m<ul\u001b[39m\n                \u001b[33mclass\u001b[39m=\u001b[32m\"navbar-nav ms-auto mb-2 mb-lg-0\"\u001b[39m\n              \u001b[36m>\u001b[39m\n                \u001b[36m<div>\u001b[39m\n                  \u001b[36m<form\u001b[39m\n                    \u001b[33mclass\u001b[39m=\u001b[32m\"d-flex\"\u001b[39m\n                    \u001b[33mrole\u001b[39m=\u001b[32m\"search\"\u001b[39m\n                  \u001b[36m>\u001b[39m\n                    \u001b[36m<input\u001b[39m\n                      \u001b[33maria-label\u001b[39m=\u001b[32m\"Search\"\u001b[39m\n                      \u001b[33mclass\u001b[39m=\u001b[32m\"form-control me-2\"\u001b[39m\n                      \u001b[33mplaceholder\u001b[39m=\u001b[32m\"Search\"\u001b[39m\n                      \u001b[33mtype\u001b[39m=\u001b[32m\"search\"\u001b[39m\n                      \u001b[33mvalue\u001b[39m=\u001b[32m\"\"\u001b[39m\n                    \u001b[36m/>\u001b[39m\n                    \u001b[36m<button\u001b[39m\n                      \u001b[33mclass\u001b[39m=\u001b[32m\"btn btn-outline-success\"\u001b[39m\n                      \u001b[33mtype\u001b[39m=\u001b[32m\"submit\"\u001b[39m\n                    \u001b[36m>\u001b[39m\n                      \u001b[0mSearch\u001b[0m\n                    \u001b[36m</button>\u001b[39m\n                  \u001b[36m</form>\u001b[39m\n                \u001b[36m</div>\u001b[39m\n                \u001b[36m<li\u001b[39m\n                  \u001b[33mclass\u001b[39m=\u001b[32m\"nav-item\"\u001b[39m\n                \u001b[36m>\u001b[39m\n                  \u001b[36m<a\u001b[39m\n                    \u001b[33mclass\u001b[39m=\u001b[32m\"nav-link \"\u001b[39m\n                    \u001b[33mhref\u001b[39m=\u001b[32m\"/\"\u001b[39m\n                  \u001b[36m>\u001b[39m\n                    \u001b[0mHome\u001b[0m\n                  \u001b[36m</a>\u001b[39m\n                \u001b[36m</li>\u001b[39m\n                \u001b[36m<li\u001b[39m\n                  \u001b[33mclass\u001b[39m=\u001b[32m\"nav-item dropdown\"\u001b[39m\n                \u001b[36m>\u001b[39m\n                  \u001b[36m<a\u001b[39m\n                    \u001b[33mclass\u001b[39m=\u001b[32m\"nav-link dropdown-toggle\"\u001b[39m\n                    \u001b[33mdata-bs-toggle\u001b[39m=\u001b[32m\"dropdown\"\u001b[39m\n                    \u001b[33mhref\u001b[39m=\u001b[32m\"/categories\"\u001b[39m\n                  \u001b[36m>\u001b[39m\n                    \u001b[0mCategories\u001b[0m\n                  \u001b[36m</a>\u001b[39m\n                  \u001b[36m<ul\u001b[39m\n                    \u001b[33mclass\u001b[39m=\u001b[32m\"dropdown-menu\"\u001b[39m\n                  \u001b[36m>\u001b[39m\n                    \u001b[36m<li>\u001b[39m\n                      \u001b[36m<a\u001b[39m\n                        \u001b[33mclass\u001b[39m=\u001b[32m\"dropdown-item\"\u001b[39m\n                        \u001b[33mhref\u001b[39m=\u001b[32m\"/categories\"\u001b[39m\n                      \u001b[36m>\u001b[39m\n                        \u001b[0mAll Categories\u001b[0m\n                      \u001b[36m</a>\u001b[39m\n                    \u001b[36m</li>\u001b[39m\n                  \u001b[36m</ul>\u001b[39m\n                \u001b[36m</li>\u001b[39m\n                \u001b[36m<li\u001b[39m\n                  \u001b[33mclass\u001b[39m=\u001b[32m\"nav-item\"\u001b[39m\n                \u001b[36m>\u001b[39m\n                  \u001b[36m<a\u001b[39m\n                    \u001b[33maria-current\u001b[39m=\u001b[32m\"page\"\u001b[39m\n                    \u001b[33mclass\u001b[39m=\u001b[32m\"nav-link active\"\u001b[39m\n                    \u001b[33mhref\u001b[39m=\u001b[32m\"/register\"\u001b[39m\n                  \u001b[36m>\u001b[39m\n                    \u001b[0mRegister\u001b[0m\n                  \u001b[36m</a>\u001b[39m\n                \u001b[36m</li>\u001b[39m\n                \u001b[36m<li\u001b[39m\n                  \u001b[33mclass\u001b[39m=\u001b[32m\"nav-item\"\u001b[39m\n                \u001b[36m>\u001b[39m\n                  \u001b[36m<a\u001b[39m\n                    \u001b[33mclass\u001b[39m=\u001b[32m\"nav-link\"\u001b[39m\n                    \u001b[33mhref\u001b[39m=\u001b[32m\"/login\"\u001b[39m\n                  \u001b[36m>\u001b[39m\n                    \u001b[0mLogin\u001b[0m\n                  \u001b[36m</a>\u001b[39m\n                \u001b[36m</li>\u001b[39m\n                \u001b[36m<li\u001b[39m\n                  \u001b[33mclass\u001b[39m=\u001b[32m\"nav-item\"\u001b[39m\n                \u001b[36m>\u001b[39m\n                  \u001b[36m<span\u001b[39m\n                    \u001b[33mclass\u001b[39m=\u001b[32m\"ant-badge css-dev-only-do-not-override-1drr2mu\"\u001b[39m\n                  \u001b[36m>\u001b[39m\n                    \u001b[36m<a\u001b[39m\n                      \u001b[33mclass\u001b[39m=\u001b[32m\"nav-link\"\u001b[39m\n                      \u001b[33mhref\u001b[39m=\u001b[32m\"/cart\"\u001b[39m\n                    \u001b[36m>\u001b[39m\n                      \u001b[0mCart\u001b[0m\n                    \u001b[36m</a>\u001b[39m\n                  \u001b[36m</span>\u001b[39m\n                \u001b[36m</li>\u001b[39m\n              \u001b[36m</ul>\u001b[39m\n            \u001b[36m</div>\u001b[39m\n          \u001b[36m</div>\u001b[39m\n        \u001b[36m</nav>\u001b[39m\n        \u001b[36m<main\u001b[39m\n          \u001b[33mstyle\u001b[39m=\u001b[32m\"min-height: 70vh;\"\u001b[39m\n        \u001b[36m>\u001b[39m\n          \u001b[36m<div\u001b[39m\n            \u001b[33mclass\u001b[39m=\u001b[32m\"form-container\"\u001b[39m\n            \u001b[33mstyle\u001b[39m=\u001b[32m\"min-height: 90vh;\"\u001b[39m\n          \u001b[36m>\u001b[39m\n            \u001b[36m<form>\u001b[39m\n              \u001b[36m<h4\u001b[39m\n                \u001b[33mclass\u001b[39m=\u001b[32m\"title\"\u001b[39m\n              \u001b[36m>\u001b[39m\n                \u001b[0mREGISTER FORM\u001b[0m\n              \u001b[36m</h4>\u001b[39m\n              \u001b[36m<div\u001b[39m\n                \u001b[33mclass\u001b[39m=\u001b[32m\"mb-3\"\u001b[39m\n              \u001b[36m>\u001b[39m\n                \u001b[36m<input\u001b[39m\n                  \u001b[33mclass\u001b[39m=\u001b[32m\"form-control\"\u001b[39m\n                  \u001b[33mid\u001b[39m=\u001b[32m\"exampleInputName1\"\u001b[39m\n                  \u001b[33mplaceholder\u001b[39m=\u001b[32m\"Enter Your Name\"\u001b[39m\n                  \u001b[33mrequired\u001b[39m=\u001b[32m\"\"\u001b[39m\n                  \u001b[33mtype\u001b[39m=\u001b[32m\"text\"\u001b[39m\n ...\n    at toHaveBeenCalled (C:\\Users\\jiaye\\Desktop\\CS4218\\cs4218-2520-ecom-project-cs4218-2520-team29\\client\\src\\pages\\Auth\\Register.test.js:109:44)\n    at runWithExpensiveErrorDiagnosticsDisabled (C:\\Users\\jiaye\\Desktop\\CS4218\\cs4218-2520-ecom-project-cs4218-2520-team29\\client\\node_modules\\@testing-library\\react\\node_modules\\@testing-library\\dom\\dist\\config.js:47:12)\n    at checkCallback (C:\\Users\\jiaye\\Desktop\\CS4218\\cs4218-2520-ecom-project-cs4218-2520-team29\\client\\node_modules\\@testing-library\\react\\node_modules\\@testing-library\\dom\\dist\\wait-for.js:127:77)\n    at checkRealTimersCallback (C:\\Users\\jiaye\\Desktop\\CS4218\\cs4218-2520-ecom-project-cs4218-2520-team29\\client\\node_modules\\@testing-library\\react\\node_modules\\@testing-library\\dom\\dist\\wait-for.js:121:16)\n    at Timeout.task [as _onTimeout] (C:\\Users\\jiaye\\Desktop\\CS4218\\cs4218-2520-ecom-project-cs4218-2520-team29\\node_modules\\jsdom\\lib\\jsdom\\browser\\Window.js:520:19)\n    at listOnTimeout (node:internal/timers:594:17)\n    at processTimers (node:internal/timers:529:7)"],"fullName":"Register Component should register the user successfully","invocations":1,"location":null,"numPassingAsserts":0,"retryReasons":[],"status":"failed","title":"should register the user successfully"},{"ancestorTitles":["Register Component"],"duration":1045,"failureDetails":[{"matcherResult":{"message":"\u001b[2mexpect(\u001b[22m\u001b[31mjest.fn()\u001b[39m\u001b[2m).\u001b[22mtoHaveBeenCalledWith\u001b[2m(\u001b[22m\u001b[32m...expected\u001b[39m\u001b[2m)\u001b[22m\n\nExpected: \u001b[32m\"/api/v1/auth/register\"\u001b[39m, \u001b[32m{\"DOB\": \"2000-01-01\", \"address\": \"123 Street\", \"answer\": \"Football\", \"email\": \"test@example.com\", \"name\": \"John Doe\", \"password\": \"password123\", \"phone\": \"1234567890\"}\u001b[39m\n\nNumber of calls: \u001b[31m0\u001b[39m","pass":false}}],"failureMessages":["Error: \u001b[2mexpect(\u001b[22m\u001b[31mjest.fn()\u001b[39m\u001b[2m).\u001b[22mtoHaveBeenCalledWith\u001b[2m(\u001b[22m\u001b[32m...expected\u001b[39m\u001b[2m)\u001b[22m\n\nExpected: \u001b[32m\"/api/v1/auth/register\"\u001b[39m, \u001b[32m{\"DOB\": \"2000-01-01\", \"address\": \"123 Street\", \"answer\": \"Football\", \"email\": \"test@example.com\", \"name\": \"John Doe\", \"password\": \"password123\", \"phone\": \"1234567890\"}\u001b[39m\n\nNumber of calls: \u001b[31m0\u001b[39m\n\nIgnored nodes: comments, script, style\n\u001b[36m<html>\u001b[39m\n  \u001b[36m<head>\u001b[39m\n    \u001b[36m<title>\u001b[39m\n      \u001b[0mRegister - Ecommerce App\u001b[0m\n    \u001b[36m</title>\u001b[39m\n    \u001b[36m<meta\u001b[39m\n      \u001b[33mcharset\u001b[39m=\u001b[32m\"utf-8\"\u001b[39m\n      \u001b[33mdata-react-helmet\u001b[39m=\u001b[32m\"true\"\u001b[39m\n    \u001b[36m/>\u001b[39m\n    \u001b[36m<meta\u001b[39m\n      \u001b[33mcontent\u001b[39m=\u001b[32m\"mern stack project\"\u001b[39m\n      \u001b[33mdata-react-helmet\u001b[39m=\u001b[32m\"true\"\u001b[39m\n      \u001b[33mname\u001b[39m=\u001b[32m\"description\"\u001b[39m\n    \u001b[36m/>\u001b[39m\n    \u001b[36m<meta\u001b[39m\n      \u001b[33mcontent\u001b[39m=\u001b[32m\"mern,react,node,mongodb\"\u001b[39m\n      \u001b[33mdata-react-helmet\u001b[39m=\u001b[32m\"true\"\u001b[39m\n      \u001b[33mname\u001b[39m=\u001b[32m\"keywords\"\u001b[39m\n    \u001b[36m/>\u001b[39m\n    \u001b[36m<meta\u001b[39m\n      \u001b[33mcontent\u001b[39m=\u001b[32m\"Techinfoyt\"\u001b[39m\n      \u001b[33mdata-react-helmet\u001b[39m=\u001b[32m\"true\"\u001b[39m\n      \u001b[33mname\u001b[39m=\u001b[32m\"author\"\u001b[39m\n    \u001b[36m/>\u001b[39m\n  \u001b[36m</head>\u001b[39m\n  \u001b[36m<body>\u001b[39m\n    \u001b[36m<div>\u001b[39m\n      \u001b[36m<div>\u001b[39m\n        \u001b[36m<nav\u001b[39m\n          \u001b[33mclass\u001b[39m=\u001b[32m\"navbar navbar-expand-lg bg-body-tertiary\"\u001b[39m\n        \u001b[36m>\u001b[39m\n          \u001b[36m<div\u001b[39m\n            \u001b[33mclass\u001b[39m=\u001b[32m\"container-fluid\"\u001b[39m\n          \u001b[36m>\u001b[39m\n            \u001b[36m<button\u001b[39m\n              \u001b[33maria-controls\u001b[39m=\u001b[32m\"navbarTogglerDemo01\"\u001b[39m\n              \u001b[33maria-expanded\u001b[39m=\u001b[32m\"false\"\u001b[39m\n              \u001b[33maria-label\u001b[39m=\u001b[32m\"Toggle navigation\"\u001b[39m\n              \u001b[33mclass\u001b[39m=\u001b[32m\"navbar-toggler\"\u001b[39m\n              \u001b[33mdata-bs-target\u001b[39m=\u001b[32m\"#navbarTogglerDemo01\"\u001b[39m\n              \u001b[33mdata-bs-toggle\u001b[39m=\u001b[32m\"collapse\"\u001b[39m\n              \u001b[33mtype\u001b[39m=\u001b[32m\"button\"\u001b[39m\n            \u001b[36m>\u001b[39m\n              \u001b[36m<span\u001b[39m\n                \u001b[33mclass\u001b[39m=\u001b[32m\"navbar-toggler-icon\"\u001b[39m\n              \u001b[36m/>\u001b[39m\n            \u001b[36m</button>\u001b[39m\n            \u001b[36m<div\u001b[39m\n              \u001b[33mclass\u001b[39m=\u001b[32m\"collapse navbar-collapse\"\u001b[39m\n              \u001b[33mid\u001b[39m=\u001b[32m\"navbarTogglerDemo01\"\u001b[39m\n            \u001b[36m>\u001b[39m\n              \u001b[36m<a\u001b[39m\n                \u001b[33mclass\u001b[39m=\u001b[32m\"navbar-brand\"\u001b[39m\n                \u001b[33mhref\u001b[39m=\u001b[32m\"/\"\u001b[39m\n              \u001b[36m>\u001b[39m\n                \u001b[0m🛒 Virtual Vault\u001b[0m\n              \u001b[36m</a>\u001b[39m\n              \u001b[36m<ul\u001b[39m\n                \u001b[33mclass\u001b[39m=\u001b[32m\"navbar-nav ms-auto mb-2 mb-lg-0\"\u001b[39m\n              \u001b[36m>\u001b[39m\n                \u001b[36m<div>\u001b[39m\n                  \u001b[36m<form\u001b[39m\n                    \u001b[33mclass\u001b[39m=\u001b[32m\"d-flex\"\u001b[39m\n                    \u001b[33mrole\u001b[39m=\u001b[32m\"search\"\u001b[39m\n                  \u001b[36m>\u001b[39m\n                    \u001b[36m<input\u001b[39m\n                      \u001b[33maria-label\u001b[39m=\u001b[32m\"Search\"\u001b[39m\n                      \u001b[33mclass\u001b[39m=\u001b[32m\"form-control me-2\"\u001b[39m\n                      \u001b[33mplaceholder\u001b[39m=\u001b[32m\"Search\"\u001b[39m\n                      \u001b[33mtype\u001b[39m=\u001b[32m\"search\"\u001b[39m\n                      \u001b[33mvalue\u001b[39m=\u001b[32m\"\"\u001b[39m\n                    \u001b[36m/>\u001b[39m\n                    \u001b[36m<button\u001b[39m\n                      \u001b[33mclass\u001b[39m=\u001b[32m\"btn btn-outline-success\"\u001b[39m\n                      \u001b[33mtype\u001b[39m=\u001b[32m\"submit\"\u001b[39m\n                    \u001b[36m>\u001b[39m\n                      \u001b[0mSearch\u001b[0m\n                    \u001b[36m</button>\u001b[39m\n                  \u001b[36m</form>\u001b[39m\n                \u001b[36m</div>\u001b[39m\n                \u001b[36m<li\u001b[39m\n                  \u001b[33mclass\u001b[39m=\u001b[32m\"nav-item\"\u001b[39m\n                \u001b[36m>\u001b[39m\n                  \u001b[36m<a\u001b[39m\n                    \u001b[33mclass\u001b[39m=\u001b[32m\"nav-link \"\u001b[39m\n                    \u001b[33mhref\u001b[39m=\u001b[32m\"/\"\u001b[39m\n                  \u001b[36m>\u001b[39m\n                    \u001b[0mHome\u001b[0m\n                  \u001b[36m</a>\u001b[39m\n                \u001b[36m</li>\u001b[39m\n                \u001b[36m<li\u001b[39m\n                  \u001b[33mclass\u001b[39m=\u001b[32m\"nav-item dropdown\"\u001b[39m\n                \u001b[36m>\u001b[39m\n                  \u001b[36m<a\u001b[39m\n                    \u001b[33mclass\u001b[39m=\u001b[32m\"nav-link dropdown-toggle\"\u001b[39m\n                    \u001b[33mdata-bs-toggle\u001b[39m=\u001b[32m\"dropdown\"\u001b[39m\n                    \u001b[33mhref\u001b[39m=\u001b[32m\"/categories\"\u001b[39m\n                  \u001b[36m>\u001b[39m\n                    \u001b[0mCategories\u001b[0m\n                  \u001b[36m</a>\u001b[39m\n                  \u001b[36m<ul\u001b[39m\n                    \u001b[33mclass\u001b[39m=\u001b[32m\"dropdown-menu\"\u001b[39m\n                  \u001b[36m>\u001b[39m\n                    \u001b[36m<li>\u001b[39m\n                      \u001b[36m<a\u001b[39m\n                        \u001b[33mclass\u001b[39m=\u001b[32m\"dropdown-item\"\u001b[39m\n                        \u001b[33mhref\u001b[39m=\u001b[32m\"/categories\"\u001b[39m\n                      \u001b[36m>\u001b[39m\n                        \u001b[0mAll Categories\u001b[0m\n                      \u001b[36m</a>\u001b[39m\n                    \u001b[36m</li>\u001b[39m\n                  \u001b[36m</ul>\u001b[39m\n                \u001b[36m</li>\u001b[39m\n                \u001b[36m<li\u001b[39m\n                  \u001b[33mclass\u001b[39m=\u001b[32m\"nav-item\"\u001b[39m\n                \u001b[36m>\u001b[39m\n                  \u001b[36m<a\u001b[39m\n                    \u001b[33maria-current\u001b[39m=\u001b[32m\"page\"\u001b[39m\n                    \u001b[33mclass\u001b[39m=\u001b[32m\"nav-link active\"\u001b[39m\n                    \u001b[33mhref\u001b[39m=\u001b[32m\"/register\"\u001b[39m\n                  \u001b[36m>\u001b[39m\n                    \u001b[0mRegister\u001b[0m\n                  \u001b[36m</a>\u001b[39m\n                \u001b[36m</li>\u001b[39m\n                \u001b[36m<li\u001b[39m\n                  \u001b[33mclass\u001b[39m=\u001b[32m\"nav-item\"\u001b[39m\n                \u001b[36m>\u001b[39m\n                  \u001b[36m<a\u001b[39m\n                    \u001b[33mclass\u001b[39m=\u001b[32m\"nav-link\"\u001b[39m\n                    \u001b[33mhref\u001b[39m=\u001b[32m\"/login\"\u001b[39m\n                  \u001b[36m>\u001b[39m\n                    \u001b[0mLogin\u001b[0m\n                  \u001b[36m
[...]
001b[36m<li\u001b[39m\n                      \u001b[33mclass\u001b[39m=\u001b[32m\"nav-item dropdown\"\u001b[39m\n                    \u001b[36m>\u001b[39m\n                      \u001b[36m<a\u001b[39m\n                        \u001b[33mclass\u001b[39m=\u001b[32m\"nav-link dropdown-toggle\"\u001b[39m\n                        \u001b[33mdata-bs-toggle\u001b[39m=\u001b[32m\"dropdown\"\u001b[39m\n                        \u001b[33mhref\u001b[39m=\u001b[32m\"/categories\"\u001b[39m\n                      \u001b[36m>\u001b[39m\n                        \u001b[0mCategories\u001b[0m\n                      \u001b[36m</a>\u001b[39m\n                      \u001b[36m<ul\u001b[39m\n                        \u001b[33mclass\u001b[39m=\u001b[32m\"dropdown-menu\"\u001b[39m\n                      \u001b[36m>\u001b[39m\n                        \u001b[36m<li>\u001b[39m\n                          \u001b[36m<a\u001b[39m\n                            \u001b[33mclass\u001b[39m=\u001b[32m\"dropdown-item\"\u001b[39m\n                            \u001b[33mhref\u001b[39m=\u001b[32m\"/categories\"\u001b[39m\n                          \u001b[36m>\u001b[39m\n                            \u001b[0mAll Categories\u001b[0m\n                          \u001b[36m</a>\u001b[39m\n                        \u001b[36m</li>\u001b[39m\n                      \u001b[36m</ul>\u001b[39m\n                    \u001b[36m</li>\u001b[39m\n                    \u001b[36m<li\u001b[39m\n                      \u001b[33mclass\u001b[39m=\u001b[32m\"nav-item\"\u001b[39m\n                    \u001b[36m>\u001b[39m\n                      \u001b[36m<a\u001b[39m\n                        \u001b[33maria-current\u001b[39m=\u001b[32m\"page\"\u001b[39m\n                        \u001b[33mclass\u001b[39m=\u001b[32m\"nav-link active\"\u001b[39m\n                        \u001b[33mhref\u001b[39m=\u001b[32m\"/register\"\u001b[39m\n                      \u001b[36m>\u001b[39m\n                        \u001b[0mRegister\u001b[0m\n                      \u001b[36m</a>\u001b[39m\n                    \u001b[36m</li>\u001b[39m\n                    \u001b[36m<li\u001b[39m\n                      \u001b[33mclass\u001b[39m=\u001b[32m\"nav-item\"\u001b[39m\n                    \u001b[36m>\u001b[39m\n                      \u001b[36m<a\u001b[39m\n                        \u001b[33mclass\u001b[39m=\u001b[32m\"nav-link\"\u001b[39m\n                        \u001b[33mhref\u001b[39m=\u001b[32m\"/login\"\u001b[39m\n                      \u001b[36m>\u001b[39m\n                        \u001b[0mLogin\u001b[0m\n                      \u001b[36m</a>\u001b[39m\n                    \u001b[36m</li>\u001b[39m\n                    \u001b[36m<li\u001b[39m\n                      \u001b[33mclass\u001b[39m=\u001b[32m\"nav-item\"\u001b[39m\n                    \u001b[36m>\u001b[39m\n                      \u001b[36m<span\u001b[39m\n                        \u001b[33mclass\u001b[39m=\u001b[32m\"ant-badge css-dev-only-do-not-override-1drr2mu\"\u001b[39m\n                      \u001b[36m>\u001b[39m\n                        \u001b[36m<a\u001b[39m\n                          \u001b[33mclass\u001b[39m=\u001b[32m\"nav-link\"\u001b[39m\n                          \u001b[33mhref\u001b[39m=\u001b[32m\"/cart\"\u001b[39m\n                        \u001b[36m>\u001b[39m\n                          \u001b[0mCart\u001b[0m\n                        \u001b[36m</a>\u001b[39m\n                      \u001b[36m</span>\u001b[39m\n                    \u001b[36m</li>\u001b[39m\n                  \u001b[36m</ul>\u001b[39m\n                \u001b[36m</div>\u001b[39m\n              \u001b[36m</div>\u001b[39m\n            \u001b[36m</nav>\u001b[39m\n            \u001b[36m<main\u001b[39m\n              \u001b[33mstyle\u001b[39m=\u001b[32m\"min-height: 70vh;\"\u001b[39m\n            \u001b[36m>\u001b[39m\n              \u001b[36m<div\u001b[39m\n                \u001b[33mclass\u001b[39m=\u001b[32m\"form-container\"\u001b[39m\n                \u001b[33mstyle\u001b[39m=\u001b[32m\"min-height: 90vh;\"\u001b[39m\n              \u001b[36m>\u001b[39m\n                \u001b[36m<form>\u001b[39m\n                  \u001b[36m<h4\u001b[39m\n                    \u001b[33mclass\u001b[39m=\u001b[32m\"title\"\u001b[39m\n                  \u001b[36m>\u001b[39m\n                    \u001b[0mREGISTER FORM\u001b[0m\n                  \u001b[36m</h4>\u001b[39m\n                  \u001b[36m<div\u001b[39m\n                    \u001b[33mclass\u001b[39m=\u001b[32m\"mb-3\"\u001b[39m\n                  \u001b[36m>\u001b[39m\n                    \u001b[36m<input\u001b[39m\n                      \u001b[33mclass\u001b[39m=\u001b[32m\"form-control\"\u001b[39m\n                      \u001b[33mid\u001b[39m=\u001b[32m\"exampleInputName1\"\u001b[39m\n                      \u001b[33mplaceholder\u001b[39m=\u001b[32m\"Enter Your Name\"\u001b[39m\n                      \u001b[33mrequired\u001b[39m=\u001b[32m\"\"\u001b[39m\n                      \u001b[33mtype\u001b[39m=\u001b[32m\"text\"\u001b[39m\n     ...\n\u001b[2m\u001b[22m\n\u001b[2m    \u001b[0m \u001b[90m 171 |\u001b[39m     fireEvent\u001b[33m.\u001b[39mclick(screen\u001b[33m.\u001b[39mgetByText(\u001b[32m'REGISTER'\u001b[39m))\u001b[33m;\u001b[39m\u001b[22m\n\u001b[2m     \u001b[90m 172 |\u001b[39m\u001b[22m\n\u001b[2m    \u001b[31m\u001b[1m>\u001b[22m\u001b[2m\u001b[39m\u001b[90m 173 |\u001b[39m     \u001b[36mawait\u001b[39m waitFor(() \u001b[33m=>\u001b[39m expect(axios\u001b[33m.\u001b[39mpost)\u001b[33m.\u001b[39mtoHaveBeenCalled())\u001b[33m;\u001b[39m\u001b[22m\n\u001b[2m     \u001b[90m     |\u001b[39m                                            \u001b[31m\u001b[1m^\u001b[22m\u001b[2m\u001b[39m\u001b[22m\n\u001b[2m     \u001b[90m 174 |\u001b[39m     expect(toast\u001b[33m.\u001b[39merror)\u001b[33m.\u001b[39mtoHaveBeenCalledWith(\u001b[32m'Something went wrong'\u001b[39m)\u001b[33m;\u001b[39m\u001b[22m\n\u001b[2m     \u001b[90m 175 |\u001b[39m   })\u001b[33m;\u001b[39m\u001b[22m\n\u001b[2m     \u001b[90m 176 |\u001b[39m\u001b[0m\u001b[22m\n\u001b[2m\u001b[22m\n\u001b[2m      \u001b[2mat toHaveBeenCalled (\u001b[22m\u001b[2m\u001b[0m\u001b[36mclient/src/pages/Auth/Register.test.js\u001b[39m\u001b[0m\u001b[2m:173:44)\u001b[22m\u001b[2m\u001b[22m\n\u001b[2m      \u001b[2mat runWithExpensiveErrorDiagnosticsDisabled (\u001b[22m\u001b[2mclient/node_modules/@testing-library/react/node_modules/@testing-library/dom/dist/config.js\u001b[2m:47:12)\u001b[22m\u001b[2m\u001b[22m\n\u001b[2m      \u001b[2mat checkCallback (\u001b[22m\u001b[2mclient/node_modules/@testing-library/react/node_modules/@testing-library/dom/dist/wait-for.js\u001b[2m:127:77)\u001b[22m\u001b[2m\u001b[22m\n\u001b[2m      \u001b[2mat checkRealTimersCallback (\u001b[22m\u001b[2mclient/node_modules/@testing-library/react/node_modules/@testing-library/dom/dist/wait-for.js\u001b[2m:121:16)\u001b[22m\u001b[2m\u001b[22m\n\u001b[2m      \u001b[2mat Timeout.task [as _onTimeout] (\u001b[22m\u001b[2mnode_modules/jsdom/lib/jsdom/browser/Window.js\u001b[2m:520:19)\u001b[22m\u001b[2m\u001b[22m\n\n\u001b[1m\u001b[31m  \u001b[1m● \u001b[22m\u001b[1mRegister Component › should display error toast when registration success is false\u001b[39m\u001b[22m\n\n    \u001b[2mexpect(\u001b[22m\u001b[31mjest.fn()\u001b[39m\u001b[2m).\u001b[22mtoHaveBeenCalledWith\u001b[2m(\u001b[22m\u001b[32m...expected\u001b[39m\u001b[2m)\u001b[22m\n\n    Expected: \u001b[32m\"Email already exists\"\u001b[39m\n\n    Number of calls: \u001b[31m0\u001b[39m\n\n    Ignored nodes: comments, script, style\n    \u001b[36m<html>\u001b[39m\n      \u001b[36m<head>\u001b[39m\n        \u001b[36m<title>\u001b[39m\n          \u001b[0mRegister - Ecommerce App\u001b[0m\n        \u001b[36m</title>\u001b[39m\n        \u001b[36m<meta\u001b[39m\n          \u001b[33mcharset\u001b[39m=\u001b[32m\"utf-8\"\u001b[39m\n          \u001b[33mdata-react-helmet\u001b[39m=\u001b[32m\"true\"\u001b[39m\n        \u001b[36m/>\u001b[39m\n        \u001b[36m<meta\u001b[39m\n          \u001b[33mcontent\u001b[39m=\u001b[32m\"mern stack project\"\u001b[39m\n          \u001b[33mdata-react-helmet\u001b[39m=\u001b[32m\"true\"\u001b[39m\n          \u001b[33mname\u001b[39m=\u001b[32m\"description\"\u001b[39m\n        \u001b[36m/>\u001b[39m\n        \u001b[36m<meta\u001b[39m\n          \u001b[33mcontent\u001b[39m=\u001b[32m\"mern,react,node,mongodb\"\u001b[39m\n          \u001b[33mdata-react-helmet\u001b[39m=\u001b[32m\"true\"\u001b[39m\n          \u001b[33mname\u001b[39m=\u001b[32m\"keywords\"\u001b[39m\n        \u001b[36m/>\u001b[39m\n        \u001b[36m<meta\u001b[39m\n          \u001b[33mcontent\u001b[39m=\u001b[32m\"Techinfoyt\"\u001b[39m\n          \u001b[33mdata-react-helmet\u001b[39m=\u001b[32m\"true\"\u001b[39m\n          \u001b[33mname\u001b[39m=\u001b[32m\"author\"\u001b[39m\n        \u001b[36m/>\u001b[39m\n      \u001b[36m</head>\u001b[39m\n      \u001b[36m<body>\u001b[39m\n        \u001b[36m<div>\u001b[39m\n          \u001b[36m<div>\u001b[39m\n            \u001b[36m<nav\u001b[39m\n              \u001b[33mclass\u001b[39m=\u001b[32m\"navbar navbar-expand-lg bg-body-tertiary\"\u001b[39m\n            \u001b[36m>\u001b[39m\n              \u001b[36m<div\u001b[39m\n                \u001b[33mclass\u001b[39m=\u001b[32m\"container-fluid\"\u001b[39m\n              \u001b[36m>\u001b[39m\n                \u001b[36m<button\u001b[39m\n                  \u001b[33maria-controls\u001b[39m=\u001b[32m\"navbarTogglerDemo01\"\u001b[39m\n                  \u001b[33maria-expanded\u001b[39m=\u001b[32m\"false\"\u001b[39m\n                  \u001b[33maria-label\u001b[39m=\u001b[32m\"Toggle navigation\"\u001b[39m\n                  \u001b[33mclass\u001b[39m=\u001b[32m\"navbar-toggler\"\u001b[39m\n                  \u001b[33mdata-bs-target\u001b[39m=\u001b[32m\"#navbarTogglerDemo01\"\u001b[39m\n                  \u001b[33mdata-bs-toggle\u001b[39m=\u001b[32m\"collapse\"\u001b[39m\n                  \u001b[33mtype\u001b[39m=\u001b[32m\"button\"\u001b[39m\n                \u001b[36m>\u001b[39m\n                  \u001b[36m<span\u001b[39m\n                    \u001b[33mclass\u001b[39m=\u001b[32m\"navbar-toggler-icon\"\u001b[39m\n                  \u001b[36m/>\u001b[39m\n                \u001b[36m</button>\u001b[39m\n                \u001b[36m<div\u001b[39m\n                  \u001b[33mclass\u001b[39m=\u001b[32m\"collapse navbar-collapse\"\u001b[39m\n                  \u001b[33mid\u001b[39m=\u001b[32m\"navbarTogglerDemo01\"\u001b[39m\n                \u001b[36m>\u001b[39m\n                  \u001b[36m<a\u001b[39m\n                    \u001b[33mclass\u001b[39m=\u001b[32m\"navbar-brand\"\u001b[39m\n                    \u001b[33mhref\u001b[39m=\u001b[32m\"/\"\u001b[39m\n                  \u001b[36m>\u001b[39m\n                    \u001b[0m🛒 Virtual Vault\u001b[0m\n                  \u001b[36m</a>\u001b[39m\n                  \u001b[36m<ul\u001b[39m\n                    \u001b[33mclass\u001b[39m=\u001b[32m\"navbar-nav ms-auto mb-2 mb-lg-0\"\u001b[39m\n                  \u001b[36m>\u001b[39m\n                    \u001b[36m<div>\u001b[39m\n                      \u001b[36m<form\u001b[39m\n                        \u001b[33mclass\u001b[39m=\u001b[32m\"d-flex\"\u001b[39m\n                        \u001b[33mrole\u001b[39m=\u001b[32m\"search\"\u001b[39m\n                      \u001b[36m>\u001b[39m\n                        \u001b[36m<input\u001b[39m\n                          \u001b[33maria-label\u001b[39m=\u001b[32m\"Search\"\u001b[39m\n                          \u001b[33mclass\u001b[39m=\u001b[32m\"form-control me-2\"\u001b[39m\n                          \u001b[33mplaceholder\u001b[39m=\u001b[32m\"Search\"\u001b[39m\n                          \u001b[33mtype\u001b[39m=\u001b[32m\"search\"\u001b[39m\n                          \u001b[33mvalue\u001b[39m=\u001b[32m\"\"\u001b[39m\n                        \u001b[36m/>\u001b[39m\n                        \u001b[36m<button\u001b[39m\n                          \u001b[33mclass\u001b[39m=\u001b[32m\"btn btn-outline-success\"\u001b[39m\n                          \u001b[33mtype\u001b[39m=\u001b[32m\"submit\"\u001b[39m\n                        \u001b[36m>\u001b[39m\n                          \u001b[0mSearch\u001b[0m\n                        \u001b[36m</button>\u001b[39m\n                      \u001b[36m</form>\u001b[39m\n                    \u001b[36m</div>\u001b[39m\n                    \u001b[36m<li\u001b[39m\n                      \u001b[33mclass\u001b[39m=\u001b[32m\"nav-item\"\u001b[39m\n                    \u001b[36m>\u001b[39m\n                      \u001b[36m<a\u001b[39m\n                        \u001b[33mclass\u001b[39m=\u001b[32m\"nav-link \"\u001b[39m\n                        \u001b[33mhref\u001b[39m=\u001b[32m\"/\"\u001b[39m\n                      \u001b[36m>\u001b[39m\n                        \u001b[0mHome\u001b[0m\n                      \u001b[36m</a>\u001b[39m\n                    \u001b[36m</li>\u001b[39m\n                    \u001b[36m<li\u001b[39m\n                      \u001b[33mclass\u001b[39m=\u001b[32m\"nav-item dropdown\"\u001b[39m\n                    \u001b[36m>\u001b[39m\n                      \u001b[36m<a\u001b[39m\n                        \u001b[33mclass\u001b[39m=\u001b[32m\"nav-link dropdown-toggle\"\u001b[39m\n                        \u001b[33mdata-bs-toggle\u001b[39m=\u001b[32m\"dropdown\"\u001b[39m\n                        \u001b[33mhref\u001b[39m=\u001b[32m\"/categories\"\u001b[39m\n                      \u001b[36m>\u001b[39m\n                        \u001b[0mCategories\u001b[0m\n                      \u001b[36m</a>\u001b[39m\n                      \u001b[36m<ul\u001b[39m\n                        \u001b[33mclass\u001b[39m=\u001b[32m\"dropdown-menu\"\u001b[39m\n                      \u001b[36m>\u001b[39m\n                        \u001b[36m<li>\u001b[39m\n                          \u001b[36m<a\u001b[39m\n                            \u001b[33mclass\u001b[39m=\u001b[32m\"dropdown-item\"\u001b[39m\n                            \u001b[33mhref\u001b[39m=\u001b[32m\"/categories\"\u001b[39m\n                          \u001b[36m>\u001b[39m\n                            \u001b[0mAll Categories\u001b[0m\n                          \u001b[36m</a>\u001b[39m\n                        \u001b[36m</li>\u001b[39m\n                      \u001b[36m</ul>\u001b[39m\n                    \u001b[36m</li>\u001b[39m\n                    \u001b[36m<li\u001b[39m\n                      \u001b[33mclass\u001b[39m=\u001b[32m\"nav-item\"\u001b[39m\n                    \u001b[36m>\u001b[39m\n                      \u001b[36m<a\u001b[39m\n                        \u001b[33maria-current\u001b[39m=\u001b[32m\"page\"\u001b[39m\n                        \u001b[33mclass\u001b[39m=\u001b[32m\"nav-link active\"\u001b[39m\n                        \u001b[33mhref\u001b[39m=\u001b[32m\"/register\"\u001b[39m\n                      \u001b[36m>\u001b[39m\n                        \u001b[0mRegister\u001b[0m\n                      \u001b[36m</a>\u001b[39m\n                    \u001b[36m</li>\u001b[39m\n                    \u001b[36m<li\u001b[39m\n                      \u001b[33mclass\u001b[39m=\u001b[32m\"nav-item\"\u001b[39m\n                    \u001b[36m>\u001b[39m\n                      \u001b[36m<a\u001b[39m\n                        \u001b[33mclass\u001b[39m=\u001b[32m\"nav-link\"\u001b[39m\n                        \u001b[33mhref\u001b[39m=\u001b[32m\"/login\"\u001b[39m\n                      \u001b[36m>\u001b[39m\n                        \u001b[0mLogin\u001b[0m\n                      \u001b[36m</a>\u001b[39m\n                    \u001b[36m</li>\u001b[39m\n                    \u001b[36m<li\u001b[39m\n                      \u001b[33mclass\u001b[39m=\u001b[32m\"nav-item\"\u001b[39m\n                    \u001b[36m>\u001b[39m\n                      \u001b[36m<span\u001b[39m\n                        \u001b[33mclass\u001b[39m=\u001b[32m\"ant-badge css-dev-only-do-not-override-1drr2mu\"\u001b[39m\n                      \u001b[36m>\u001b[39m\n                        \u001b[36m<a\u001b[39m\n                          \u001b[33mclass\u001b[39m=\u001b[32m\"nav-link\"\u001b[39m\n                          \u001b[33mhref\u001b[39m=\u001b[32m\"/cart\"\u001b[39m\n                        \u001b[36m>\u001b[39m\n                          \u001b[0mCart\u001b[0m\n                        \u001b[36m</a>\u001b[39m\n                      \u001b[36m</span>\u001b[39m\n                    \u001b[36m</li>\u001b[39m\n                  \u001b[36m</ul>\u001b[39m\n                \u001b[36m</div>\u001b[39m\n              \u001b[36m</div>\u001b[39m\n            \u001b[36m</nav>\u001b[39m\n            \u001b[36m<main\u001b[39m\n              \u001b[33mstyle\u001b[39m=\u001b[32m\"min-height: 70vh;\"\u001b[39m\n            \u001b[36m>\u001b[39m\n              \u001b[36m<div\u001b[39m\n                \u001b[33mclass\u001b[39m=\u001b[32m\"form-container\"\u001b[39m\n                \u001b[33mstyle\u001b[39m=\u001b[32m\"min-height: 90vh;\"\u001b[39m\n              \u001b[36m>\u001b[39m\n                \u001b[36m<form>\u001b[39m\n                  \u001b[36m<h4\u001b[39m\n                    \u001b[33mclass\u001b[39m=\u001b[32m\"title\"\u001b[39m\n                  \u001b[36m>\u001b[39m\n                    \u001b[0mREGISTER FORM\u001b[0m\n                  \u001b[36m</h4>\u001b[39m\n                  \u001b[36m<div\u001b[39m\n                    \u001b[33mclass\u001b[39m=\u001b[32m\"mb-3\"\u001b[39m\n                  \u001b[36m>\u001b[39m\n                    \u001b[36m<input\u001b[39m\n                      \u001b[33mclass\u001b[39m=\u001b[32m\"form-control\"\u001b[39m\n                      \u001b[33mid\u001b[39m=\u001b[32m\"exampleInputName1\"\u001b[39m\n                      \u001b[33mplaceholder\u001b[39m=\u001b[32m\"Enter Your Name\"\u001b[39m\n                      \u001b[33mrequired\u001b[39m=\u001b[32m\"\"\u001b[39m\n                      \u001b[33mtype\u001b[39m=\u001b[32m\"text\"\u001b[39m\n     ...\n\u001b[2m\u001b[22m\n\u001b[2m    \u001b[0m \u001b[90m 203 |\u001b[39m\u001b[22m\n\u001b[2m     \u001b[90m 204 |\u001b[39m     \u001b[36mawait\u001b[39m waitFor(() \u001b[33m=>\u001b[39m {\u001b[22m\n\u001b[2m    \u001b[31m\u001b[1m>\u001b[22m\u001b[2m\u001b[39m\u001b[90m 205 |\u001b[39m       expect(toast\u001b[33m.\u001b[39merror)\u001b[33m.\u001b[39mtoHaveBeenCalledWith(\u001b[32m'Email already exists'\u001b[39m)\u001b[33m;\u001b[39m\u001b[22m\n\u001b[2m     \u001b[90m     |\u001b[39m                           \u001b[31m\u001b[1m^\u001b[22m\u001b[2m\u001b[39m\u001b[22m\n\u001b[2m     \u001b[90m 206 |\u001b[39m     })\u001b[33m;\u001b[39m\u001b[22m\n\u001b[2m     \u001b[90m 207 |\u001b[39m   })\u001b[33m;\u001b[39m\u001b[22m\n\u001b[2m     \u001b[90m 208 |\u001b[39m })\u001b[33m;\u001b[39m\u001b[0m\u001b[22m\n\u001b[2m\u001b[22m\n\u001b[2m      \u001b[2mat toHaveBeenCalledWith (\u001b[22m\u001b[2m\u001b[0m\u001b[36mclient/src/pages/Auth/Register.test.js\u001b[39m\u001b[0m\u001b[2m:205:27)\u001b[22m\u001b[2m\u001b[22m\n\u001b[2m      \u001b[2mat runWithExpensiveErrorDiagnosticsDisabled (\u001b[22m\u001b[2mclient/node_modules/@testing-library/react/node_modules/@testing-library/dom/dist/config.js\u001b[2m:47:12)\u001b[22m\u001b[2m\u001b[22m\n\u001b[2m      \u001b[2mat checkCallback (\u001b[22m\u001b[2mclient/node_modules/@testing-library/react/node_modules/@testing-library/dom/dist/wait-for.js\u001b[2m:127:77)\u001b[22m\u001b[2m\u001b[22m\n\u001b[2m      \u001b[2mat checkRealTimersCallback (\u001b[22m\u001b[2mclient/node_modules/@testing-library/react/node_modules/@testing-library/dom/dist/wait-for.js\u001b[2m:121:16)\u001b[22m\u001b[2m\u001b[22m\n\u001b[2m      \u001b[2mat Timeout.task [as _onTimeout] (\u001b[22m\u001b[2mnode_modules/jsdom/lib/jsdom/browser/Window.js\u001b[2m:520:19)\u001b[22m\u001b[2m\u001b[22m\n","name":"C:\\Users\\jiaye\\Desktop\\CS4218\\cs4218-2520-ecom-project-cs4218-2520-team29\\client\\src\\pages\\Auth\\Register.test.js","startTime":1776013884265,"status":"failed","summary":""}],"wasInterrupted":false}
