{"E:\\Dex Uni\\Y4S2\\Software Testing\\cs4218 repo\\cs4218-2520-ecom-project-cs4218-2520-team29\\controllers\\authController.js": {"path":"E:\\Dex Uni\\Y4S2\\Software Testing\\cs4218 repo\\cs4218-2520-ecom-project-cs4218-2520-team29\\controllers\\authController.js","statementMap":{"0":{"start":{"line":7,"column":34},"end":{"line":63,"column":1}},"1":{"start":{"line":8,"column":2},"end":{"line":62,"column":3}},"2":{"start":{"line":9,"column":62},"end":{"line":9,"column":70}},"3":{"start":{"line":11,"column":4},"end":{"line":13,"column":5}},"4":{"start":{"line":12,"column":6},"end":{"line":12,"column":67}},"5":{"start":{"line":14,"column":4},"end":{"line":16,"column":5}},"6":{"start":{"line":15,"column":6},"end":{"line":15,"column":68}},"7":{"start":{"line":17,"column":4},"end":{"line":19,"column":5}},"8":{"start":{"line":18,"column":6},"end":{"line":18,"column":71}},"9":{"start":{"line":20,"column":4},"end":{"line":22,"column":5}},"10":{"start":{"line":21,"column":6},"end":{"line":21,"column":71}},"11":{"start":{"line":23,"column":4},"end":{"line":25,"column":5}},"12":{"start":{"line":24,"column":6},"end":{"line":24,"column":70}},"13":{"start":{"line":26,"column":4},"end":{"line":28,"column":5}},"14":{"start":{"line":27,"column":6},"end":{"line":27,"column":69}},"15":{"start":{"line":30,"column":26},"end":{"line":30,"column":60}},"16":{"start":{"line":32,"column":4},"end":{"line":37,"column":5}},"17":{"start":{"line":33,"column":6},"end":{"line":36,"column":9}},"18":{"start":{"line":39,"column":27},"end":{"line":39,"column":55}},"19":{"start":{"line":41,"column":17},"end":{"line":48,"column":13}},"20":{"start":{"line":50,"column":4},"end":{"line":54,"column":7}},"21":{"start":{"line":56,"column":4},"end":{"line":56,"column":23}},"22":{"start":{"line":57,"column":4},"end":{"line":61,"column":7}},"23":{"start":{"line":66,"column":31},"end":{"line":116,"column":1}},"24":{"start":{"line":67,"column":2},"end":{"line":115,"column":3}},"25":{"start":{"line":68,"column":32},"end":{"line":68,"column":40}},"26":{"start":{"line":70,"column":4},"end":{"line":75,"column":5}},"27":{"start":{"line":71,"column":6},"end":{"line":74,"column":9}},"28":{"start":{"line":77,"column":17},"end":{"line":77,"column":51}},"29":{"start":{"line":78,"column":4},"end":{"line":83,"column":5}},"30":{"start":{"line":79,"column":6},"end":{"line":82,"column":9}},"31":{"start":{"line":84,"column":18},"end":{"line":84,"column":64}},"32":{"start":{"line":85,"column":4},"end":{"line":90,"column":5}},"33":{"start":{"line":86,"column":6},"end":{"line":89,"column":9}},"34":{"start":{"line":92,"column":18},"end":{"line":94,"column":6}},"35":{"start":{"line":95,"column":4},"end":{"line":107,"column":7}},"36":{"start":{"line":109,"column":4},"end":{"line":109,"column":23}},"37":{"start":{"line":110,"column":4},"end":{"line":114,"column":7}},"38":{"start":{"line":120,"column":40},"end":{"line":155,"column":1}},"39":{"start":{"line":121,"column":2},"end":{"line":154,"column":3}},"40":{"start":{"line":122,"column":43},"end":{"line":122,"column":51}},"41":{"start":{"line":123,"column":4},"end":{"line":125,"column":5}},"42":{"start":{"line":124,"column":6},"end":{"line":124,"column":68}},"43":{"start":{"line":126,"column":4},"end":{"line":128,"column":5}},"44":{"start":{"line":127,"column":6},"end":{"line":127,"column":69}},"45":{"start":{"line":129,"column":4},"end":{"line":131,"column":5}},"46":{"start":{"line":130,"column":6},"end":{"line":130,"column":75}},"47":{"start":{"line":133,"column":17},"end":{"line":133,"column":59}},"48":{"start":{"line":135,"column":4},"end":{"line":140,"column":5}},"49":{"start":{"line":136,"column":6},"end":{"line":139,"column":9}},"50":{"start":{"line":141,"column":19},"end":{"line":141,"column":50}},"51":{"start":{"line":142,"column":4},"end":{"line":142,"column":70}},"52":{"start":{"line":143,"column":4},"end":{"line":146,"column":7}},"53":{"start":{"line":148,"column":4},"end":{"line":148,"column":23}},"54":{"start":{"line":149,"column":4},"end":{"line":153,"column":7}},"55":{"start":{"line":158,"column":30},"end":{"line":165,"column":1}},"56":{"start":{"line":159,"column":2},"end":{"line":164,"column":3}},"57":{"start":{"line":160,"column":4},"end":{"line":160,"column":33}},"58":{"start":{"line":162,"column":4},"end":{"line":162,"column":23}},"59":{"start":{"line":163,"column":4},"end":{"line":163,"column":24}},"60":{"start":{"line":168,"column":39},"end":{"line":200,"column":1}},"61":{"start":{"line":169,"column":2},"end":{"line":199,"column":3}},"62":{"start":{"line":170,"column":54},"end":{"line":170,"column":62}},"63":{"start":{"line":171,"column":17},"end":{"line":171,"column":55}},"64":{"start":{"line":173,"column":4},"end":{"line":175,"column":5}},"65":{"start":{"line":174,"column":6},"end":{"line":174,"column":78}},"66":{"start":{"line":176,"column":27},"end":{"line":176,"column":78}},"67":{"start":{"line":177,"column":24},"end":{"line":186,"column":5}},"68":{"start":{"line":187,"column":4},"end":{"line":191,"column":7}},"69":{"start":{"line":193,"column":4},"end":{"line":193,"column":23}},"70":{"start":{"line":194,"column":4},"end":{"line":198,"column":7}},"71":{"start":{"line":203,"column":35},"end":{"line":218,"column":1}},"72":{"start":{"line":204,"column":2},"end":{"line":217,"column":3}},"73":{"start":{"line":205,"column":19},"end":{"line":208,"column":32}},"74":{"start":{"line":209,"column":4},"end":{"line":209,"column":21}},"75":{"start":{"line":211,"column":4},"end":{"line":211,"column":23}},"76":{"start":{"line":212,"column":4},"end":{"line":216,"column":7}},"77":{"start":{"line":220,"column":38},"end":{"line":236,"column":1}},"78":{"start":{"line":221,"column":2},"end":{"line":235,"column":3}},"79":{"start":{"line":222,"column":19},"end":{"line":226,"column":32}},"80":{"start":{"line":227,"column":4},"end":{"line":227,"column":21}},"81":{"start":{"line":229,"column":4},"end":{"line":229,"column":23}},"82":{"start":{"line":230,"column":4},"end":{"line":234,"column":7}},"83":{"start":{"line":239,"column":37},"end":{"line":257,"column":1}},"84":{"start":{"line":240,"column":2},"end":{"line":256,"column":3}},"85":{"start":{"line":241,"column":24},"end":{"line":241,"column":34}},"86":{"start":{"line":242,"column":23},"end":{"line":242,"column":31}},"87":{"start":{"line":243,"column":19},"end":{"line":247,"column":5}},"88":{"start":{"line":248,"column":4},"end":{"line":248,"column":21}},"89":{"start":{"line":250,"column":4},"end":{"line":250,"column":23}},"90":{"start":{"line":251,"column":4},"end":{"line":255,"column":7}}},"fnMap":{"0":{"name":"(anonymous_0)","decl":{"start":{"line":7,"column":34},"end":{"line":7,"column":35}},"loc":{"start":{"line":7,"column":54},"end":{"line":63,"column":1}},"line":7},"1":{"name":"(anonymous_1)","decl":{"start":{"line":66,"column":31},"end":{"line":66,"column":32}},"loc":{"start":{"line":66,"column":51},"end":{"line":116,"column":1}},"line":66},"2":{"name":"(anonymous_2)","decl":{"start":{"line":120,"column":40},"end":{"line":120,"column":41}},"loc":{"start":{"line":120,"column":60},"end":{"line":155,"column":1}},"line":120},"3":{"name":"(anonymous_3)","decl":{"start":{"line":158,"column":30},"end":{"line":158,"column":31}},"loc":{"start":{"line":158,"column":44},"end":{"line":165,"column":1}},"line":158},"4":{"name":"(anonymous_4)","decl":{"start":{"line":168,"column":39},"end":{"line":168,"column":40}},"loc":{"start":{"line":168,"column":59},"end":{"line":200,"column":1}},"line":168},"5":{"name":"(anonymous_5)","decl":{"start":{"line":203,"column":35},"end":{"line":203,"column":36}},"loc":{"start":{"line":203,"column":55},"end":{"line":218,"column":1}},"line":203},"6":{"name":"(anonymous_6)","decl":{"start":{"line":220,"column":38},"end":{"line":220,"column":39}},"loc":{"start":{"line":220,"column":58},"end":{"line":236,"column":1}},"line":220},"7":{"name":"(anonymous_7)","decl":{"start":{"line":239,"column":37},"end":{"line":239,"column":38}},"loc":{"start":{"line":239,"column":57},"end":{"line":257,"column":1}},"line":239}},"branchMap":{"0":{"loc":{"start":{"line":11,"column":4},"end":{"line":13,"column":5}},"type":"if","locations":[{"start":{"line":11,"column":4},"end":{"line":13,"column":5}},{"start":{},"end":{}}],"line":11},"1":{"loc":{"start":{"line":14,"column":4},"end":{"line":16,"column":5}},"type":"if","locations":[{"start":{"line":14,"column":4},"end":{"line":16,"column":5}},{"start":{},"end":{}}],"line":14},"2":{"loc":{"start":{"line":17,"column":4},"end":{"line":19,"column":5}},"type":"if","locations":[{"start":{"line":17,"column":4},"end":{"line":19,"column":5}},{"start":{},"end":{}}],"line":17},"3":{"loc":{"start":{"line":20,"column":4},"end":{"line":22,"column":5}},"type":"if","locations":[{"start":{"line":20,"column":4},"end":{"line":22,"column":5}},{"start":{},"end":{}}],"line":20},"4":{"loc":{"start":{"line":23,"column":4},"end":{"line":25,"column":5}},"type":"if","locations":[{"start":{"line":23,"column":4},"end":{"line":25,"column":5}},{"start":{},"end":{}}],"line":23},"5":{"loc":{"start":{"line":26,"column":4},"end":{"line":28,"column":5}},"type":"if","locations":[{"start":{"line":26,"column":4},"end":{"line":28,"column":5}},{"start":{},"end":{}}],"line":26},"6":{"loc":{"start":{"line":32,"column":4},"end":{"line":37,"column":5}},"type":"if","locations":[{"start":{"line":32,"column":4},"end":{"line":37,"column":5}},{"start":{},"end":{}}],"line":32},"7":{"loc":{"start":{"line":70,"column":4},"end":{"line":75,"column":5}},"type":"if","locations":[{"start":{"line":70,"column":4},"end":{"line":75,"column":5}},{"start":{},"end":{}}],"line":70},"8":{"loc":{"start":{"line":70,"column":8},"end":{"line":70,"column":27}},"type":"binary-expr","locations":[{"start":{"line":70,"column":8},"end":{"line":70,"column":14}},{"start":{"line":70,"column":18},"end":{"line":70,"column":27}}],"line":70},"9":{"loc":{"start":{"line":78,"column":4},"end":{"line":83,"column":5}},"type":"if","locations":[{"start":{"line":78,"column":4},"end":{"line":83,"column":5}},{"start":{},"end":{}}],"line":78},"10":{"loc":{"start":{"line":85,"column":4},"end":{"line":90,"column":5}},"type":"if","locations":[{"start":{"line":85,"column":4},"end":{"line":90,"column":5}},{"start":{},"end":{}}],"line":85},"11":{"loc":{"start":{"line":123,"column":4},"end":{"line":125,"column":5}},"type":"if","locations":[{"start":{"line":123,"column":4},"end":{"line":125,"column":5}},{"start":{},"end":{}}],"line":123},"12":{"loc":{"start":{"line":126,"column":4},"end":{"line":128,"column":5}},"type":"if","locations":[{"start":{"line":126,"column":4},"end":{"line":128,"column":5}},{"start":{},"end":{}}],"line":126},"13":{"loc":{"start":{"line":129,"column":4},"end":{"line":131,"column":5}},"type":"if","locations":[{"start":{"line":129,"column":4},"end":{"line":131,"column":5}},{"start":{},"end":{}}],"line":129},"14":{"loc":{"start":{"line":135,"column":4},"end":{"line":140,"column":5}},"type":"if","locations":[{"start":{"line":135,"column":4},"end":{"line":140,"column":5}},{"start":{},"end":{}}],"line":135},"15":{"loc":{"start":{"line":173,"column":4},"end":{"line":175,"column":5}},"type":"if","locations":[{"start":{"line":173,"column":4},"end":{"line":175,"column":5}},{"start":{},"end":{}}],"line":173},"16":{"loc":{"start":{"line":173,"column":8},"end":{"line":173,"column":39}},"type":"binary-expr","locations":[{"start":{"line":173,"column":8},"end":{"line":173,"column":16}},{"start":{"line":173,"column":20},"end":{"line":173,"column":39}}],"line":173},"17":{"loc":{"start":{"line":176,"column":27},"end":{"line":176,"column":78}},"type":"cond-expr","locations":[{"start":{"line":176,"column":38},"end":{"line":176,"column":66}},{"start":{"line":176,"column":69},"end":{"line":176,"column":78}}],"line":176},"18":{"loc":{"start":{"line":180,"column":14},"end":{"line":180,"column":31}},"type":"binary-expr","locations":[{"start":{"line":180,"column":14},"end":{"line":180,"column":18}},{"start":{"line":180,"column":22},"end":{"line":180,"column":31}}],"line":180},"19":{"loc":{"start":{"line":181,"column":18},"end":{"line":181,"column":49}},"type":"binary-expr","locations":[{"start":{"line":181,"column":18},"end":{"line":181,"column":32}},{"start":{"line":181,"column":36},"end":{"line":181,"column":49}}],"line":181},"20":{"loc":{"start":{"line":182,"column":15},"end":{"line":182,"column":34}},"type":"binary-expr","locations":[{"start":{"line":182,"column":15},"end":{"line":182,"column":20}},{"start":{"line":182,"column":24},"end":{"line":182,"column":34}}],"line":182},"21":{"loc":{"start":{"line":183,"column":17},"end":{"line":183,"column":40}},"type":"binary-expr","locations":[{"start":{"line":183,"column":17},"end":{"line":183,"column":24}},{"start":{"line":183,"column":28},"end":{"line":183,"column":40}}],"line":183}},"s":{"0":2,"1":3,"2":3,"3":3,"4":1,"5":2,"6":0,"7":2,"8":0,"9":2,"10":0,"11":2,"12":0,"13":2,"14":0,"15":2,"16":2,"17":1,"18":1,"19":1,"20":1,"21":0,"22":0,"23":2,"24":4,"25":4,"26":4,"27":1,"28":3,"29":3,"30":1,"31":2,"32":2,"33":1,"34":1,"35":1,"36":0,"37":0,"38":2,"39":3,"40":3,"41":3,"42":1,"43":2,"44":0,"45":2,"46":0,"47":2,"48":2,"49":1,"50":1,"51":1,"52":1,"53":0,"54":0,"55":2,"56":1,"57":1,"58":0,"59":0,"60":2,"61":7,"62":7,"63":7,"64":6,"65":1,"66":5,"67":4,"68":4,"69":2,"70":2,"71":2,"72":3,"73":3,"74":2,"75":1,"76":1,"77":2,"78":3,"79":3,"80":2,"81":1,"82":1,"83":2,"84":3,"85":3,"86":3,"87":3,"88":2,"89":1,"90":1},"f":{"0":3,"1":4,"2":3,"3":1,"4":7,"5":3,"6":3,"7":3},"b":{"0":[1,2],"1":[0,2],"2":[0,2],"3":[0,2],"4":[0,2],"5":[0,2],"6":[1,1],"7":[1,3],"8":[4,3],"9":[1,2],"10":[1,1],"11":[1,2],"12":[0,2],"13":[0,2],"14":[1,1],"15":[1,5],"16":[6,4],"17":[3,2],"18":[4,2],"19":[4,2],"20":[4,3],"21":[4,2]},"_coverageSchema":"1a1c01bbd47fc00a2c39e90264f33305004495a9","hash":"e59f56e3d36dc28e603d68730c33d9267f03a29a"}
,"E:\\Dex Uni\\Y4S2\\Software Testing\\cs4218 repo\\cs4218-2520-ecom-project-cs4218-2520-team29\\controllers\\productController.js": {"path":"E:\\Dex Uni\\Y4S2\\Software Testing\\cs4218 repo\\cs4218-2520-ecom-project-cs4218-2520-team29\\controllers\\productController.js","statementMap":{"0":{"start":{"line":10,"column":0},"end":{"line":10,"column":16}},"1":{"start":{"line":20,"column":39},"end":{"line":62,"column":1}},"2":{"start":{"line":21,"column":2},"end":{"line":61,"column":3}},"3":{"start":{"line":23,"column":6},"end":{"line":23,"column":16}},"4":{"start":{"line":24,"column":22},"end":{"line":24,"column":31}},"5":{"start":{"line":26,"column":4},"end":{"line":41,"column":5}},"6":{"start":{"line":28,"column":8},"end":{"line":28,"column":67}},"7":{"start":{"line":30,"column":8},"end":{"line":30,"column":74}},"8":{"start":{"line":32,"column":8},"end":{"line":32,"column":68}},"9":{"start":{"line":34,"column":8},"end":{"line":34,"column":71}},"10":{"start":{"line":36,"column":8},"end":{"line":36,"column":71}},"11":{"start":{"line":38,"column":8},"end":{"line":40,"column":76}},"12":{"start":{"line":43,"column":21},"end":{"line":43,"column":77}},"13":{"start":{"line":44,"column":4},"end":{"line":47,"column":5}},"14":{"start":{"line":45,"column":6},"end":{"line":45,"column":56}},"15":{"start":{"line":46,"column":6},"end":{"line":46,"column":46}},"16":{"start":{"line":48,"column":4},"end":{"line":48,"column":26}},"17":{"start":{"line":49,"column":4},"end":{"line":53,"column":7}},"18":{"start":{"line":55,"column":4},"end":{"line":55,"column":23}},"19":{"start":{"line":56,"column":4},"end":{"line":60,"column":7}},"20":{"start":{"line":65,"column":36},"end":{"line":87,"column":1}},"21":{"start":{"line":66,"column":2},"end":{"line":86,"column":3}},"22":{"start":{"line":67,"column":21},"end":{"line":72,"column":30}},"23":{"start":{"line":73,"column":4},"end":{"line":78,"column":7}},"24":{"start":{"line":80,"column":4},"end":{"line":80,"column":23}},"25":{"start":{"line":81,"column":4},"end":{"line":85,"column":7}},"26":{"start":{"line":89,"column":42},"end":{"line":108,"column":1}},"27":{"start":{"line":90,"column":2},"end":{"line":107,"column":3}},"28":{"start":{"line":91,"column":20},"end":{"line":94,"column":27}},"29":{"start":{"line":95,"column":4},"end":{"line":99,"column":7}},"30":{"start":{"line":101,"column":4},"end":{"line":101,"column":23}},"31":{"start":{"line":102,"column":4},"end":{"line":106,"column":7}},"32":{"start":{"line":111,"column":38},"end":{"line":126,"column":1}},"33":{"start":{"line":112,"column":2},"end":{"line":125,"column":3}},"34":{"start":{"line":113,"column":20},"end":{"line":113,"column":79}},"35":{"start":{"line":114,"column":4},"end":{"line":117,"column":5}},"36":{"start":{"line":115,"column":6},"end":{"line":115,"column":57}},"37":{"start":{"line":116,"column":6},"end":{"line":116,"column":54}},"38":{"start":{"line":119,"column":4},"end":{"line":119,"column":23}},"39":{"start":{"line":120,"column":4},"end":{"line":124,"column":7}},"40":{"start":{"line":129,"column":39},"end":{"line":144,"column":1}},"41":{"start":{"line":130,"column":2},"end":{"line":143,"column":3}},"42":{"start":{"line":131,"column":4},"end":{"line":131,"column":74}},"43":{"start":{"line":132,"column":4},"end":{"line":135,"column":7}},"44":{"start":{"line":137,"column":4},"end":{"line":137,"column":23}},"45":{"start":{"line":138,"column":4},"end":{"line":142,"column":7}},"46":{"start":{"line":147,"column":39},"end":{"line":193,"column":1}},"47":{"start":{"line":148,"column":2},"end":{"line":192,"column":3}},"48":{"start":{"line":150,"column":6},"end":{"line":150,"column":16}},"49":{"start":{"line":151,"column":22},"end":{"line":151,"column":31}},"50":{"start":{"line":153,"column":4},"end":{"line":168,"column":5}},"51":{"start":{"line":155,"column":8},"end":{"line":155,"column":67}},"52":{"start":{"line":157,"column":8},"end":{"line":157,"column":74}},"53":{"start":{"line":159,"column":8},"end":{"line":159,"column":68}},"54":{"start":{"line":161,"column":8},"end":{"line":161,"column":71}},"55":{"start":{"line":163,"column":8},"end":{"line":163,"column":71}},"56":{"start":{"line":165,"column":8},"end":{"line":167,"column":76}},"57":{"start":{"line":170,"column":21},"end":{"line":174,"column":5}},"58":{"start":{"line":175,"column":4},"end":{"line":178,"column":5}},"59":{"start":{"line":176,"column":6},"end":{"line":176,"column":56}},"60":{"start":{"line":177,"column":6},"end":{"line":177,"column":46}},"61":{"start":{"line":179,"column":4},"end":{"line":179,"column":26}},"62":{"start":{"line":180,"column":4},"end":{"line":184,"column":7}},"63":{"start":{"line":186,"column":4},"end":{"line":186,"column":23}},"64":{"start":{"line":187,"column":4},"end":{"line":191,"column":7}},"65":{"start":{"line":196,"column":40},"end":{"line":215,"column":1}},"66":{"start":{"line":197,"column":2},"end":{"line":214,"column":3}},"67":{"start":{"line":198,"column":31},"end":{"line":198,"column":39}},"68":{"start":{"line":199,"column":15},"end":{"line":199,"column":17}},"69":{"start":{"line":200,"column":4},"end":{"line":200,"column":52}},"70":{"start":{"line":200,"column":28},"end":{"line":200,"column":52}},"71":{"start":{"line":201,"column":4},"end":{"line":201,"column":70}},"72":{"start":{"line":201,"column":22},"end":{"line":201,"column":70}},"73":{"start":{"line":202,"column":21},"end":{"line":202,"column":50}},"74":{"start":{"line":203,"column":4},"end":{"line":206,"column":7}},"75":{"start":{"line":208,"column":4},"end":{"line":208,"column":23}},"76":{"start":{"line":209,"column":4},"end":{"line":213,"column":7}},"77":{"start":{"line":218,"column":38},"end":{"line":233,"column":1}},"78":{"start":{"line":219,"column":2},"end":{"line":232,"column":3}},"79":{"start":{"line":220,"column":18},"end":{"line":220,"column":70}},"80":{"start":{"line":221,"column":4},"end":{"line":224,"column":7}},"81":{"start":{"line":226,"column":4},"end":{"line":226,"column":23}},"82":{"start":{"line":227,"column":4},"end":{"line":231,"column":7}},"83":{"start":{"line":236,"column":37},"end":{"line":258,"column":1}},"84":{"start":{"line":237,"column":2},"end":{"line":257,"column":3}},"85":{"start":{"line":238,"column":20},"end":{"line":238,"column":21}},"86":{"start":{"line":239,"column":17},"end":{"line":239,"column":54}},"87":{"start":{"line":240,"column":21},"end":{"line":245,"column":30}},"88":{"start":{"line":246,"column":4},"end":{"line":249,"column":7}},"89":{"start":{"line":251,"column":4},"end":{"line":251,"column":23}},"90":{"start":{"line":252,"column":4},"end":{"line":256,"column":7}},"91":{"start":{"line":261,"column":39},"end":{"line":281,"column":1}},"92":{"start":{"line":262,"column":2},"end":{"line":280,"column":3}},"93":{"start":{"line":263,"column":24},"end":{"line":263,"column":34}},"94":{"start":{"line":264,"column":20},"end":{"line":271,"column":23}},"95":{"start":{"line":272,"column":4},"end":{"line":272,"column":22}},"96":{"start":{"line":274,"column":4},"end":{"line":274,"column":23}},"97":{"start":{"line":275,"column":4},"end":{"line":279,"column":7}},"98":{"start":{"line":284,"column":40},"end":{"line":307,"column":1}},"99":{"start":{"line":285,"column":2},"end":{"line":306,"column":3}},"100":{"start":{"line":286,"column":25},"end":{"line":286,"column":35}},"101":{"start":{"line":287,"column":21},"end":{"line":294,"column":27}},"102":{"start":{"line":295,"column":4},"end":{"line":298,"column":7}},"103":{"start":{"line":300,"column":4},"end":{"line":300,"column":23}},"104":{"start":{"line":301,"column":4},"end":{"line":305,"column":7}},"105":{"start":{"line":310,"column":41},"end":{"line":327,"column":1}},"106":{"start":{"line":311,"column":2},"end":{"line":326,"column":3}},"107":{"start":{"line":312,"column":21},"end":{"line":312,"column":75}},"108":{"start":{"line":313,"column":21},"end":{"line":313,"column":79}},"109":{"start":{"line":314,"column":4},"end":{"line":318,"column":7}},"110":{"start":{"line":320,"column":4},"end":{"line":320,"column":23}},"111":{"start":{"line":321,"column":4},"end":{"line":325,"column":7}},"112":{"start":{"line":330,"column":40},"end":{"line":349,"column":1}},"113":{"start":{"line":331,"column":2},"end":{"line":348,"column":3}},"114":{"start":{"line":332,"column":20},"end":{"line":337,"column":6}},"115":{"start":{"line":339,"column":4},"end":{"line":345,"column":7}},"116":{"start":{"line":340,"column":6},"end":{"line":344,"column":7}},"117":{"start":{"line":341,"column":8},"end":{"line":341,"column":34}},"118":{"start":{"line":343,"column":8},"end":{"line":343,"column":27}},"119":{"start":{"line":347,"column":4},"end":{"line":347,"column":23}},"120":{"start":{"line":352,"column":42},"end":{"line":390,"column":1}},"121":{"start":{"line":353,"column":2},"end":{"line":389,"column":3}},"122":{"start":{"line":355,"column":20},"end":{"line":360,"column":6}},"123":{"start":{"line":361,"column":28},"end":{"line":361,"column":36}},"124":{"start":{"line":362,"column":16},"end":{"line":362,"column":17}},"125":{"start":{"line":363,"column":4},"end":{"line":365,"column":7}},"126":{"start":{"line":364,"column":6},"end":{"line":364,"column":23}},"127":{"start":{"line":366,"column":25},"end":{"line":386,"column":5}},"128":{"start":{"line":375,"column":8},"end":{"line":384,"column":9}},"129":{"start":{"line":376,"column":24},"end":{"line":380,"column":19}},"130":{"start":{"line":381,"column":10},"end":{"line":381,"column":33}},"131":{"start":{"line":383,"column":10},"end":{"line":383,"column":38}},"132":{"start":{"line":388,"column":4},"end":{"line":388,"column":23}}},"fnMap":{"0":{"name":"(anonymous_0)","decl":{"start":{"line":20,"column":39},"end":{"line":20,"column":40}},"loc":{"start":{"line":20,"column":59},"end":{"line":62,"column":1}},"line":20},"1":{"name":"(anonymous_1)","decl":{"start":{"line":65,"column":36},"end":{"line":65,"column":37}},"loc":{"start":{"line":65,"column":56},"end":{"line":87,"column":1}},"line":65},"2":{"name":"(anonymous_2)","decl":{"start":{"line":89,"column":42},"end":{"line":89,"column":43}},"loc":{"start":{"line":89,"column":62},"end":{"line":108,"column":1}},"line":89},"3":{"name":"(anonymous_3)","decl":{"start":{"line":111,"column":38},"end":{"line":111,"column":39}},"loc":{"start":{"line":111,"column":58},"end":{"line":126,"column":1}},"line":111},"4":{"name":"(anonymous_4)","decl":{"start":{"line":129,"column":39},"end":{"line":129,"column":40}},"loc":{"start":{"line":129,"column":59},"end":{"line":144,"column":1}},"line":129},"5":{"name":"(anonymous_5)","decl":{"start":{"line":147,"column":39},"end":{"line":147,"column":40}},"loc":{"start":{"line":147,"column":59},"end":{"line":193,"column":1}},"line":147},"6":{"name":"(anonymous_6)","decl":{"start":{"line":196,"column":40},"end":{"line":196,"column":41}},"loc":{"start":{"line":196,"column":60},"end":{"line":215,"column":1}},"line":196},"7":{"name":"(anonymous_7)","decl":{"start":{"line":218,"column":38},"end":{"line":218,"column":39}},"loc":{"start":{"line":218,"column":58},"end":{"line":233,"column":1}},"line":218},"8":{"name":"(anonymous_8)","decl":{"start":{"line":236,"column":37},"end":{"line":236,"column":38}},"loc":{"start":{"line":236,"column":57},"end":{"line":258,"column":1}},"line":236},"9":{"name":"(anonymous_9)","decl":{"start":{"line":261,"column":39},"end":{"line":261,"column":40}},"loc":{"start":{"line":261,"column":59},"end":{"line":281,"column":1}},"line":261},"10":{"name":"(anonymous_10)","decl":{"start":{"line":284,"column":40},"end":{"line":284,"column":41}},"loc":{"start":{"line":284,"column":60},"end":{"line":307,"column":1}},"line":284},"11":{"name":"(anonymous_11)","decl":{"start":{"line":310,"column":41},"end":{"line":310,"column":42}},"loc":{"start":{"line":310,"column":61},"end":{"line":327,"column":1}},"line":310},"12":{"name":"(anonymous_12)","decl":{"start":{"line":330,"column":40},"end":{"line":330,"column":41}},"loc":{"start":{"line":330,"column":60},"end":{"line":349,"column":1}},"line":330},"13":{"name":"(anonymous_13)","decl":{"start":{"line":339,"column":37},"end":{"line":339,"column":38}},"loc":{"start":{"line":339,"column":62},"end":{"line":345,"column":5}},"line":339},"14":{"name":"(anonymous_14)","decl":{"start":{"line":352,"column":42},"end":{"line":352,"column":43}},"loc":{"start":{"line":352,"column":62},"end":{"line":390,"column":1}},"line":352},"15":{"name":"(anonymous_15)","decl":{"start":{"line":363,"column":13},"end":{"line":363,"column":14}},"loc":{"start":{"line":363,"column":20},"end":{"line":365,"column":5}},"line":363},"16":{"name":"(anonymous_16)","decl":{"start":{"line":374,"column":6},"end":{"line":374,"column":7}},"loc":{"start":{"line":374,"column":31},"end":{"line":385,"column":7}},"line":374}},"branchMap":{"0":{"loc":{"start":{"line":26,"column":4},"end":{"line":41,"column":5}},"type":"switch","locations":[{"start":{"line":27,"column":6},"end":{"line":28,"column":67}},{"start":{"line":29,"column":6},"end":{"line":30,"column":74}},{"start":{"line":31,"column":6},"end":{"line":32,"column":68}},{"start":{"line":33,"column":6},"end":{"line":34,"column":71}},{"start":{"line":35,"column":6},"end":{"line":36,"column":71}},{"start":{"line":37,"column":6},"end":{"line":40,"column":76}}],"line":26},"1":{"loc":{"start":{"line":37,"column":11},"end":{"line":37,"column":40}},"type":"binary-expr","locations":[{"start":{"line":37,"column":11},"end":{"line":37,"column":16}},{"start":{"line":37,"column":20},"end":{"line":37,"column":40}}],"line":37},"2":{"loc":{"start":{"line":44,"column":4},"end":{"line":47,"column":5}},"type":"if","locations":[{"start":{"line":44,"column":4},"end":{"line":47,"column":5}},{"start":{},"end":{}}],"line":44},"3":{"loc":{"start":{"line":114,"column":4},"end":{"line":117,"column":5}},"type":"if","locations":[{"start":{"line":114,"column":4},"end":{"line":117,"column":5}},{"start":{},"end":{}}],"line":114},"4":{"loc":{"start":{"line":153,"column":4},"end":{"line":168,"column":5}},"type":"switch","locations":[{"start":{"line":154,"column":6},"end":{"line":155,"column":67}},{"start":{"line":156,"column":6},"end":{"line":157,"column":74}},{"start":{"line":158,"column":6},"end":{"line":159,"column":68}},{"start":{"line":160,"column":6},"end":{"line":161,"column":71}},{"start":{"line":162,"column":6},"end":{"line":163,"column":71}},{"start":{"line":164,"column":6},"end":{"line":167,"column":76}}],"line":153},"5":{"loc":{"start":{"line":164,"column":11},"end":{"line":164,"column":40}},"type":"binary-expr","locations":[{"start":{"line":164,"column":11},"end":{"line":164,"column":16}},{"start":{"line":164,"column":20},"end":{"line":164,"column":40}}],"line":164},"6":{"loc":{"start":{"line":175,"column":4},"end":{"line":178,"column":5}},"type":"if","locations":[{"start":{"line":175,"column":4},"end":{"line":178,"column":5}},{"start":{},"end":{}}],"line":175},"7":{"loc":{"start":{"line":200,"column":4},"end":{"line":200,"column":52}},"type":"if","locations":[{"start":{"line":200,"column":4},"end":{"line":200,"column":52}},{"start":{},"end":{}}],"line":200},"8":{"loc":{"start":{"line":201,"column":4},"end":{"line":201,"column":70}},"type":"if","locations":[{"start":{"line":201,"column":4},"end":{"line":201,"column":70}},{"start":{},"end":{}}],"line":201},"9":{"loc":{"start":{"line":239,"column":17},"end":{"line":239,"column":54}},"type":"cond-expr","locations":[{"start":{"line":239,"column":35},"end":{"line":239,"column":50}},{"start":{"line":239,"column":53},"end":{"line":239,"column":54}}],"line":239},"10":{"loc":{"start":{"line":340,"column":6},"end":{"line":344,"column":7}},"type":"if","locations":[{"start":{"line":340,"column":6},"end":{"line":344,"column":7}},{"start":{"line":342,"column":13},"end":{"line":344,"column":7}}],"line":340},"11":{"loc":{"start":{"line":375,"column":8},"end":{"line":384,"column":9}},"type":"if","locations":[{"start":{"line":375,"column":8},"end":{"line":384,"column":9}},{"start":{"line":382,"column":15},"end":{"line":384,"column":9}}],"line":375}},"s":{"0":1,"1":1,"2":10,"3":10,"4":10,"5":10,"6":1,"7":2,"8":1,"9":1,"10":1,"11":1,"12":3,"13":2,"14":1,"15":1,"16":2,"17":2,"18":1,"19":1,"20":1,"21":2,"22":2,"23":1,"24":1,"25":1,"26":1,"27":2,"28":2,"29":1,"30":1,"31":1,"32":1,"33":3,"34":3,"35":2,"36":1,"37":1,"38":1,"39":1,"40":1,"41":1,"42":1,"43":1,"44":0,"45":0,"46":1,"47":6,"48":6,"49":6,"50":6,"51":0,"52":1,"53":1,"54":1,"55":1,"56":1,"57":1,"58":1,"59":0,"60":0,"61":1,"62":1,"63":0,"64":0,"65":1,"66":2,"67":2,"68":2,"69":2,"70":1,"71":2,"72":0,"73":2,"74":2,"75":0,"76":0,"77":1,"78":1,"79":1,"80":1,"81":0,"82":0,"83":1,"84":1,"85":1,"86":1,"87":1,"88":1,"89":0,"90":0,"91":1,"92":1,"93":1,"94":1,"95":1,"96":0,"97":0,"98":1,"99":1,"100":1,"101":1,"102":1,"103":0,"104":0,"105":1,"106":1,"107":1,"108":1,"109":1,"110":0,"111":0,"112":1,"113":2,"114":2,"115":2,"116":2,"117":1,"118":1,"119":0,"120":1,"121":2,"122":2,"123":2,"124":2,"125":2,"126":2,"127":2,"128":2,"129":1,"130":1,"131":1,"132":0},"f":{"0":10,"1":2,"2":2,"3":3,"4":1,"5":6,"6":2,"7":1,"8":1,"9":1,"10":1,"11":1,"12":2,"13":2,"14":2,"15":2,"16":2},"b":{"0":[1,2,1,1,1,1],"1":[4,2],"2":[1,1],"3":[1,1],"4":[0,1,1,1,1,1],"5":[2,1],"6":[0,1],"7":[1,1],"8":[0,2],"9":[1,0],"10":[1,1],"11":[1,1]},"_coverageSchema":"1a1c01bbd47fc00a2c39e90264f33305004495a9","hash":"f5b106c176068b1365b8ca968dbc99f474d5ae5d"}
}
