TN:
SF:controllers\authController.js
FN:7,(anonymous_0)
FN:66,(anonymous_1)
FN:120,(anonymous_2)
FN:158,(anonymous_3)
FN:168,(anonymous_4)
FN:203,(anonymous_5)
FN:220,(anonymous_6)
FN:239,(anonymous_7)
FNF:8
FNH:8
FNDA:3,(anonymous_0)
FNDA:4,(anonymous_1)
FNDA:3,(anonymous_2)
FNDA:1,(anonymous_3)
FNDA:7,(anonymous_4)
FNDA:3,(anonymous_5)
FNDA:3,(anonymous_6)
FNDA:3,(anonymous_7)
DA:7,2
DA:8,3
DA:9,3
DA:11,3
DA:12,1
DA:14,2
DA:15,0
DA:17,2
DA:18,0
DA:20,2
DA:21,0
DA:23,2
DA:24,0
DA:26,2
DA:27,0
DA:30,2
DA:32,2
DA:33,1
DA:39,1
DA:41,1
DA:50,1
DA:56,0
DA:57,0
DA:66,2
DA:67,4
DA:68,4
DA:70,4
DA:71,1
DA:77,3
DA:78,3
DA:79,1
DA:84,2
DA:85,2
DA:86,1
DA:92,1
DA:95,1
DA:109,0
DA:110,0
DA:120,2
DA:121,3
DA:122,3
DA:123,3
DA:124,1
DA:126,2
DA:127,0
DA:129,2
DA:130,0
DA:133,2
DA:135,2
DA:136,1
DA:141,1
DA:142,1
DA:143,1
DA:148,0
DA:149,0
DA:158,2
DA:159,1
DA:160,1
DA:162,0
DA:163,0
DA:168,2
DA:169,7
DA:170,7
DA:171,7
DA:173,6
DA:174,1
DA:176,5
DA:177,4
DA:187,4
DA:193,2
DA:194,2
DA:203,2
DA:204,3
DA:205,3
DA:209,2
DA:211,1
DA:212,1
DA:220,2
DA:221,3
DA:222,3
DA:227,2
DA:229,1
DA:230,1
DA:239,2
DA:240,3
DA:241,3
DA:242,3
DA:243,3
DA:248,2
DA:250,1
DA:251,1
LF:91
LH:76
BRDA:11,0,0,1
BRDA:11,0,1,2
BRDA:14,1,0,0
BRDA:14,1,1,2
BRDA:17,2,0,0
BRDA:17,2,1,2
BRDA:20,3,0,0
BRDA:20,3,1,2
BRDA:23,4,0,0
BRDA:23,4,1,2
BRDA:26,5,0,0
BRDA:26,5,1,2
BRDA:32,6,0,1
BRDA:32,6,1,1
BRDA:70,7,0,1
BRDA:70,7,1,3
BRDA:70,8,0,4
BRDA:70,8,1,3
BRDA:78,9,0,1
BRDA:78,9,1,2
BRDA:85,10,0,1
BRDA:85,10,1,1
BRDA:123,11,0,1
BRDA:123,11,1,2
BRDA:126,12,0,0
BRDA:126,12,1,2
BRDA:129,13,0,0
BRDA:129,13,1,2
BRDA:135,14,0,1
BRDA:135,14,1,1
BRDA:173,15,0,1
BRDA:173,15,1,5
BRDA:173,16,0,6
BRDA:173,16,1,4
BRDA:176,17,0,3
BRDA:176,17,1,2
BRDA:180,18,0,4
BRDA:180,18,1,2
BRDA:181,19,0,4
BRDA:181,19,1,2
BRDA:182,20,0,4
BRDA:182,20,1,3
BRDA:183,21,0,4
BRDA:183,21,1,2
BRF:44
BRH:37
end_of_record
TN:
SF:controllers\productController.js
FN:20,(anonymous_0)
FN:65,(anonymous_1)
FN:89,(anonymous_2)
FN:111,(anonymous_3)
FN:129,(anonymous_4)
FN:147,(anonymous_5)
FN:196,(anonymous_6)
FN:218,(anonymous_7)
FN:236,(anonymous_8)
FN:261,(anonymous_9)
FN:284,(anonymous_10)
FN:310,(anonymous_11)
FN:330,(anonymous_12)
FN:339,(anonymous_13)
FN:352,(anonymous_14)
FN:363,(anonymous_15)
FN:374,(anonymous_16)
FNF:17
FNH:17
FNDA:10,(anonymous_0)
FNDA:2,(anonymous_1)
FNDA:2,(anonymous_2)
FNDA:3,(anonymous_3)
FNDA:1,(anonymous_4)
FNDA:6,(anonymous_5)
FNDA:2,(anonymous_6)
FNDA:1,(anonymous_7)
FNDA:1,(anonymous_8)
FNDA:1,(anonymous_9)
FNDA:1,(anonymous_10)
FNDA:1,(anonymous_11)
FNDA:2,(anonymous_12)
FNDA:2,(anonymous_13)
FNDA:2,(anonymous_14)
FNDA:2,(anonymous_15)
FNDA:2,(anonymous_16)
DA:10,1
DA:20,1
DA:21,10
DA:23,10
DA:24,10
DA:26,10
DA:28,1
DA:30,2
DA:32,1
DA:34,1
DA:36,1
DA:38,1
DA:43,3
DA:44,2
DA:45,1
DA:46,1
DA:48,2
DA:49,2
DA:55,1
DA:56,1
DA:65,1
DA:66,2
DA:67,2
DA:73,1
DA:80,1
DA:81,1
DA:89,1
DA:90,2
DA:91,2
DA:95,1
DA:101,1
DA:102,1
DA:111,1
DA:112,3
DA:113,3
DA:114,2
DA:115,1
DA:116,1
DA:119,1
DA:120,1
DA:129,1
DA:130,1
DA:131,1
DA:132,1
DA:137,0
DA:138,0
DA:147,1
DA:148,6
DA:150,6
DA:151,6
DA:153,6
DA:155,0
DA:157,1
DA:159,1
DA:161,1
DA:163,1
DA:165,1
DA:170,1
DA:175,1
DA:176,0
DA:177,0
DA:179,1
DA:180,1
DA:186,0
DA:187,0
DA:196,1
DA:197,2
DA:198,2
DA:199,2
DA:200,2
DA:201,2
DA:202,2
DA:203,2
DA:208,0
DA:209,0
DA:218,1
DA:219,1
DA:220,1
DA:221,1
DA:226,0
DA:227,0
DA:236,1
DA:237,1
DA:238,1
DA:239,1
DA:240,1
DA:246,1
DA:251,0
DA:252,0
DA:261,1
DA:262,1
DA:263,1
DA:264,1
DA:272,1
DA:274,0
DA:275,0
DA:284,1
DA:285,1
DA:286,1
DA:287,1
DA:295,1
DA:300,0
DA:301,0
DA:310,1
DA:311,1
DA:312,1
DA:313,1
DA:314,1
DA:320,0
DA:321,0
DA:330,1
DA:331,2
DA:332,2
DA:339,2
DA:340,2
DA:341,1
DA:343,1
DA:347,0
DA:352,1
DA:353,2
DA:355,2
DA:361,2
DA:362,2
DA:363,2
DA:364,2
DA:366,2
DA:375,2
DA:376,1
DA:381,1
DA:383,1
DA:388,0
LF:131
LH:110
BRDA:26,0,0,1
BRDA:26,0,1,2
BRDA:26,0,2,1
BRDA:26,0,3,1
BRDA:26,0,4,1
BRDA:26,0,5,1
BRDA:37,1,0,4
BRDA:37,1,1,2
BRDA:44,2,0,1
BRDA:44,2,1,1
BRDA:114,3,0,1
BRDA:114,3,1,1
BRDA:153,4,0,0
BRDA:153,4,1,1
BRDA:153,4,2,1
BRDA:153,4,3,1
BRDA:153,4,4,1
BRDA:153,4,5,1
BRDA:164,5,0,2
BRDA:164,5,1,1
BRDA:175,6,0,0
BRDA:175,6,1,1
BRDA:200,7,0,1
BRDA:200,7,1,1
BRDA:201,8,0,0
BRDA:201,8,1,2
BRDA:239,9,0,1
BRDA:239,9,1,0
BRDA:340,10,0,1
BRDA:340,10,1,1
BRDA:375,11,0,1
BRDA:375,11,1,1
BRF:32
BRH:28
end_of_record
